{"meta": {"format": 3, "version": "7.12.0", "timestamp": "2025-12-23T17:41:05.393985", "branch_coverage": false, "show_contexts": false}, "files": {"src/tools/__init__.py": {"executed_lines": [1, 5, 7], "summary": {"covered_lines": 2, "num_statements": 2, "percent_covered": 100.0, "percent_covered_display": "100", "missing_lines": 0, "excluded_lines": 0, "percent_statements_covered": 100.0, "percent_statements_covered_display": "100"}, "missing_lines": [], "excluded_lines": [], "functions": {"": {"executed_lines": [1, 5, 7], "summary": {"covered_lines": 2, "num_statements": 2, "percent_covered": 100.0, "percent_covered_display": "100", "missing_lines": 0, "excluded_lines": 0, "percent_statements_covered": 100.0, "percent_statements_covered_display": "100"}, "missing_lines": [], "excluded_lines": []}}, "classes": {"": {"executed_lines": [1, 5, 7], "summary": {"covered_lines": 2, "num_statements": 2, "percent_covered": 100.0, "percent_covered_display": "100", "missing_lines": 0, "excluded_lines": 0, "percent_statements_covered": 100.0, "percent_statements_covered_display": "100"}, "missing_lines": [], "excluded_lines": []}}}, "src/tools/comments.py": {"executed_lines": [], "summary": {"covered_lines": 0, "num_statements": 53, "percent_covered": 0.0, "percent_covered_display": "0", "missing_lines": 53, "excluded_lines": 0, "percent_statements_covered": 0.0, "percent_statements_covered_display": "0"}, "missing_lines": [2, 3, 4, 6, 7, 8, 9, 10, 13, 15, 16, 17, 18, 19, 20, 21, 22, 25, 27, 28, 29, 30, 31, 32, 33, 34, 37, 39, 40, 41, 42, 43, 44, 45, 46, 49, 51, 52, 53, 54, 55, 56, 57, 58, 61, 63, 64, 65, 66, 67, 68, 69, 70], "excluded_lines": [], "functions": {"comments_get_recipe": {"executed_lines": [], "summary": {"covered_lines": 0, "num_statements": 8, "percent_covered": 0.0, "percent_covered_display": "0", "missing_lines": 8, "excluded_lines": 0, "percent_statements_covered": 0.0, "percent_statements_covered_display": "0"}, "missing_lines": [15, 16, 17, 18, 19, 20, 21, 22], "excluded_lines": []}, "comments_create": {"executed_lines": [], "summary": {"covered_lines": 0, "num_statements": 8, "percent_covered": 0.0, "percent_covered_display": "0", "missing_lines": 8, "excluded_lines": 0, "percent_statements_covered": 0.0, "percent_statements_covered_display": "0"}, "missing_lines": [27, 28, 29, 30, 31, 32, 33, 34], "excluded_lines": []}, "comments_get": {"executed_lines": [], "summary": {"covered_lines": 0, "num_statements": 8, "percent_covered": 0.0, "percent_covered_display": "0", "missing_lines": 8, "excluded_lines": 0, "percent_statements_covered": 0.0, "percent_statements_covered_display": "0"}, "missing_lines": [39, 40, 41, 42, 43, 44, 45, 46], "excluded_lines": []}, "comments_update": {"executed_lines": [], "summary": {"covered_lines": 0, "num_statements": 8, "percent_covered": 0.0, "percent_covered_display": "0", "missing_lines": 8, "excluded_lines": 0, "percent_statements_covered": 0.0, "percent_statements_covered_display": "0"}, "missing_lines": [51, 52, 53, 54, 55, 56, 57, 58], "excluded_lines": []}, "comments_delete": {"executed_lines": [], "summary": {"covered_lines": 0, "num_statements": 8, "percent_covered": 0.0, "percent_covered_display": "0", "missing_lines": 8, "excluded_lines": 0, "percent_statements_covered": 0.0, "percent_statements_covered_display": "0"}, "missing_lines": [63, 64, 65, 66, 67, 68, 69, 70], "excluded_lines": []}, "": {"executed_lines": [], "summary": {"covered_lines": 0, "num_statements": 13, "percent_covered": 0.0, "percent_covered_display": "0", "missing_lines": 13, "excluded_lines": 0, "percent_statements_covered": 0.0, "percent_statements_covered_display": "0"}, "missing_lines": [2, 3, 4, 6, 7, 8, 9, 10, 13, 25, 37, 49, 61], "excluded_lines": []}}, "classes": {"": {"executed_lines": [], "summary": {"covered_lines": 0, "num_statements": 53, "percent_covered": 0.0, "percent_covered_display": "0", "missing_lines": 53, "excluded_lines": 0, "percent_statements_covered": 0.0, "percent_statements_covered_display": "0"}, "missing_lines": [2, 3, 4, 6, 7, 8, 9, 10, 13, 15, 16, 17, 18, 19, 20, 21, 22, 25, 27, 28, 29, 30, 31, 32, 33, 34, 37, 39, 40, 41, 42, 43, 44, 45, 46, 49, 51, 52, 53, 54, 55, 56, 57, 58, 61, 63, 64, 65, 66, 67, 68, 69, 70], "excluded_lines": []}}}, "src/tools/cookbooks.py": {"executed_lines": [], "summary": {"covered_lines": 0, "num_statements": 64, "percent_covered": 0.0, "percent_covered_display": "0", "missing_lines": 64, "excluded_lines": 0, "percent_statements_covered": 0.0, "percent_statements_covered_display": "0"}, "missing_lines": [8, 9, 10, 11, 14, 15, 16, 18, 19, 26, 32, 33, 34, 35, 40, 41, 46, 47, 48, 51, 54, 71, 72, 73, 74, 80, 81, 86, 87, 88, 91, 94, 103, 104, 105, 106, 111, 112, 117, 118, 119, 122, 125, 144, 145, 146, 147, 153, 154, 159, 160, 161, 164, 167, 176, 177, 178, 179, 184, 185, 190, 191, 192, 195], "excluded_lines": [], "functions": {"cookbooks_list": {"executed_lines": [], "summary": {"covered_lines": 0, "num_statements": 10, "percent_covered": 0.0, "percent_covered_display": "0", "missing_lines": 10, "excluded_lines": 0, "percent_statements_covered": 0.0, "percent_statements_covered_display": "0"}, "missing_lines": [32, 33, 34, 35, 40, 41, 46, 47, 48, 51], "excluded_lines": []}, "cookbooks_create": {"executed_lines": [], "summary": {"covered_lines": 0, "num_statements": 10, "percent_covered": 0.0, "percent_covered_display": "0", "missing_lines": 10, "excluded_lines": 0, "percent_statements_covered": 0.0, "percent_statements_covered_display": "0"}, "missing_lines": [71, 72, 73, 74, 80, 81, 86, 87, 88, 91], "excluded_lines": []}, "cookbooks_get": {"executed_lines": [], "summary": {"covered_lines": 0, "num_statements": 10, "percent_covered": 0.0, "percent_covered_display": "0", "missing_lines": 10, "excluded_lines": 0, "percent_statements_covered": 0.0, "percent_statements_covered_display": "0"}, "missing_lines": [103, 104, 105, 106, 111, 112, 117, 118, 119, 122], "excluded_lines": []}, "cookbooks_update": {"executed_lines": [], "summary": {"covered_lines": 0, "num_statements": 10, "percent_covered": 0.0, "percent_covered_display": "0", "missing_lines": 10, "excluded_lines": 0, "percent_statements_covered": 0.0, "percent_statements_covered_display": "0"}, "missing_lines": [144, 145, 146, 147, 153, 154, 159, 160, 161, 164], "excluded_lines": []}, "cookbooks_delete": {"executed_lines": [], "summary": {"covered_lines": 0, "num_statements": 10, "percent_covered": 0.0, "percent_covered_display": "0", "missing_lines": 10, "excluded_lines": 0, "percent_statements_covered": 0.0, "percent_statements_covered_display": "0"}, "missing_lines": [176, 177, 178, 179, 184, 185, 190, 191, 192, 195], "excluded_lines": []}, "": {"executed_lines": [], "summary": {"covered_lines": 0, "num_statements": 14, "percent_covered": 0.0, "percent_covered_display": "0", "missing_lines": 14, "excluded_lines": 0, "percent_statements_covered": 0.0, "percent_statements_covered_display": "0"}, "missing_lines": [8, 9, 10, 11, 14, 15, 16, 18, 19, 26, 54, 94, 125, 167], "excluded_lines": []}}, "classes": {"": {"executed_lines": [], "summary": {"covered_lines": 0, "num_statements": 64, "percent_covered": 0.0, "percent_covered_display": "0", "missing_lines": 64, "excluded_lines": 0, "percent_statements_covered": 0.0, "percent_statements_covered_display": "0"}, "missing_lines": [8, 9, 10, 11, 14, 15, 16, 18, 19, 26, 32, 33, 34, 35, 40, 41, 46, 47, 48, 51, 54, 71, 72, 73, 74, 80, 81, 86, 87, 88, 91, 94, 103, 104, 105, 106, 111, 112, 117, 118, 119, 122, 125, 144, 145, 146, 147, 153, 154, 159, 160, 161, 164, 167, 176, 177, 178, 179, 184, 185, 190, 191, 192, 195], "excluded_lines": []}}}, "src/tools/foods.py": {"executed_lines": [], "summary": {"covered_lines": 0, "num_statements": 141, "percent_covered": 0.0, "percent_covered_display": "0", "missing_lines": 141, "excluded_lines": 0, "percent_statements_covered": 0.0, "percent_statements_covered_display": "0"}, "missing_lines": [9, 10, 11, 12, 15, 16, 17, 19, 20, 27, 37, 38, 39, 40, 42, 43, 48, 49, 50, 53, 56, 71, 72, 73, 74, 80, 81, 86, 87, 88, 91, 94, 103, 104, 105, 106, 108, 109, 114, 115, 116, 119, 122, 139, 140, 141, 142, 148, 149, 154, 155, 156, 159, 162, 171, 172, 173, 174, 179, 180, 185, 186, 187, 190, 193, 203, 204, 205, 206, 212, 213, 218, 219, 220, 223, 230, 240, 241, 242, 243, 245, 246, 251, 252, 253, 256, 259, 274, 275, 276, 277, 283, 284, 289, 290, 291, 294, 297, 306, 307, 308, 309, 311, 312, 317, 318, 319, 322, 325, 342, 343, 344, 345, 351, 352, 357, 358, 359, 362, 365, 374, 375, 376, 377, 382, 383, 388, 389, 390, 393, 396, 406, 407, 408, 409, 415, 416, 421, 422, 423, 426], "excluded_lines": [], "functions": {"foods_list": {"executed_lines": [], "summary": {"covered_lines": 0, "num_statements": 10, "percent_covered": 0.0, "percent_covered_display": "0", "missing_lines": 10, "excluded_lines": 0, "percent_statements_covered": 0.0, "percent_statements_covered_display": "0"}, "missing_lines": [37, 38, 39, 40, 42, 43, 48, 49, 50, 53], "excluded_lines": []}, "foods_create": {"executed_lines": [], "summary": {"covered_lines": 0, "num_statements": 10, "percent_covered": 0.0, "percent_covered_display": "0", "missing_lines": 10, "excluded_lines": 0, "percent_statements_covered": 0.0, "percent_statements_covered_display": "0"}, "missing_lines": [71, 72, 73, 74, 80, 81, 86, 87, 88, 91], "excluded_lines": []}, "foods_get": {"executed_lines": [], "summary": {"covered_lines": 0, "num_statements": 10, "percent_covered": 0.0, "percent_covered_display": "0", "missing_lines": 10, "excluded_lines": 0, "percent_statements_covered": 0.0, "percent_statements_covered_display": "0"}, "missing_lines": [103, 104, 105, 106, 108, 109, 114, 115, 116, 119], "excluded_lines": []}, "foods_update": {"executed_lines": [], "summary": {"covered_lines": 0, "num_statements": 10, "percent_covered": 0.0, "percent_covered_display": "0", "missing_lines": 10, "excluded_lines": 0, "percent_statements_covered": 0.0, "percent_statements_covered_display": "0"}, "missing_lines": [139, 140, 141, 142, 148, 149, 154, 155, 156, 159], "excluded_lines": []}, "foods_delete": {"executed_lines": [], "summary": {"covered_lines": 0, "num_statements": 10, "percent_covered": 0.0, "percent_covered_display": "0", "missing_lines": 10, "excluded_lines": 0, "percent_statements_covered": 0.0, "percent_statements_covered_display": "0"}, "missing_lines": [171, 172, 173, 174, 179, 180, 185, 186, 187, 190], "excluded_lines": []}, "foods_merge": {"executed_lines": [], "summary": {"covered_lines": 0, "num_statements": 10, "percent_covered": 0.0, "percent_covered_display": "0", "missing_lines": 10, "excluded_lines": 0, "percent_statements_covered": 0.0, "percent_statements_covered_display": "0"}, "missing_lines": [203, 204, 205, 206, 212, 213, 218, 219, 220, 223], "excluded_lines": []}, "units_list": {"executed_lines": [], "summary": {"covered_lines": 0, "num_statements": 10, "percent_covered": 0.0, "percent_covered_display": "0", "missing_lines": 10, "excluded_lines": 0, "percent_statements_covered": 0.0, "percent_statements_covered_display": "0"}, "missing_lines": [240, 241, 242, 243, 245, 246, 251, 252, 253, 256], "excluded_lines": []}, "units_create": {"executed_lines": [], "summary": {"covered_lines": 0, "num_statements": 10, "percent_covered": 0.0, "percent_covered_display": "0", "missing_lines": 10, "excluded_lines": 0, "percent_statements_covered": 0.0, "percent_statements_covered_display": "0"}, "missing_lines": [274, 275, 276, 277, 283, 284, 289, 290, 291, 294], "excluded_lines": []}, "units_get": {"executed_lines": [], "summary": {"covered_lines": 0, "num_statements": 10, "percent_covered": 0.0, "percent_covered_display": "0", "missing_lines": 10, "excluded_lines": 0, "percent_statements_covered": 0.0, "percent_statements_covered_display": "0"}, "missing_lines": [306, 307, 308, 309, 311, 312, 317, 318, 319, 322], "excluded_lines": []}, "units_update": {"executed_lines": [], "summary": {"covered_lines": 0, "num_statements": 10, "percent_covered": 0.0, "percent_covered_display": "0", "missing_lines": 10, "excluded_lines": 0, "percent_statements_covered": 0.0, "percent_statements_covered_display": "0"}, "missing_lines": [342, 343, 344, 345, 351, 352, 357, 358, 359, 362], "excluded_lines": []}, "units_delete": {"executed_lines": [], "summary": {"covered_lines": 0, "num_statements": 10, "percent_covered": 0.0, "percent_covered_display": "0", "missing_lines": 10, "excluded_lines": 0, "percent_statements_covered": 0.0, "percent_statements_covered_display": "0"}, "missing_lines": [374, 375, 376, 377, 382, 383, 388, 389, 390, 393], "excluded_lines": []}, "units_merge": {"executed_lines": [], "summary": {"covered_lines": 0, "num_statements": 10, "percent_covered": 0.0, "percent_covered_display": "0", "missing_lines": 10, "excluded_lines": 0, "percent_statements_covered": 0.0, "percent_statements_covered_display": "0"}, "missing_lines": [406, 407, 408, 409, 415, 416, 421, 422, 423, 426], "excluded_lines": []}, "": {"executed_lines": [], "summary": {"covered_lines": 0, "num_statements": 21, "percent_covered": 0.0, "percent_covered_display": "0", "missing_lines": 21, "excluded_lines": 0, "percent_statements_covered": 0.0, "percent_statements_covered_display": "0"}, "missing_lines": [9, 10, 11, 12, 15, 16, 17, 19, 20, 27, 56, 94, 122, 162, 193, 230, 259, 297, 325, 365, 396], "excluded_lines": []}}, "classes": {"": {"executed_lines": [], "summary": {"covered_lines": 0, "num_statements": 141, "percent_covered": 0.0, "percent_covered_display": "0", "missing_lines": 141, "excluded_lines": 0, "percent_statements_covered": 0.0, "percent_statements_covered_display": "0"}, "missing_lines": [9, 10, 11, 12, 15, 16, 17, 19, 20, 27, 37, 38, 39, 40, 42, 43, 48, 49, 50, 53, 56, 71, 72, 73, 74, 80, 81, 86, 87, 88, 91, 94, 103, 104, 105, 106, 108, 109, 114, 115, 116, 119, 122, 139, 140, 141, 142, 148, 149, 154, 155, 156, 159, 162, 171, 172, 173, 174, 179, 180, 185, 186, 187, 190, 193, 203, 204, 205, 206, 212, 213, 218, 219, 220, 223, 230, 240, 241, 242, 243, 245, 246, 251, 252, 253, 256, 259, 274, 275, 276, 277, 283, 284, 289, 290, 291, 294, 297, 306, 307, 308, 309, 311, 312, 317, 318, 319, 322, 325, 342, 343, 344, 345, 351, 352, 357, 358, 359, 362, 365, 374, 375, 376, 377, 382, 383, 388, 389, 390, 393, 396, 406, 407, 408, 409, 415, 416, 421, 422, 423, 426], "excluded_lines": []}}}, "src/tools/mealplans.py": {"executed_lines": [1, 8, 9, 10, 11, 12, 15, 16, 23, 26, 39, 40, 42, 43, 45, 47, 48, 50, 52, 57, 60, 61, 62, 63, 64, 75, 81, 85, 86, 95, 101, 102, 103, 105, 106, 113, 117, 118, 119, 120, 121, 123, 124, 133, 138, 150, 159, 160, 161, 162, 164, 165, 174, 193, 195, 196, 201, 202, 207, 208, 210, 211, 213, 214, 216, 218, 224, 225, 234, 325, 334, 335, 336, 338, 343, 344, 353, 432, 499, 523, 547, 583, 621, 648, 729, 801, 921], "summary": {"covered_lines": 86, "num_statements": 332, "percent_covered": 25.903614457831324, "percent_covered_display": "26", "missing_lines": 246, "excluded_lines": 0, "percent_statements_covered": 25.903614457831324, "percent_statements_covered_display": "26"}, "missing_lines": [17, 19, 20, 83, 91, 92, 114, 140, 141, 146, 147, 170, 171, 197, 230, 231, 255, 257, 258, 259, 260, 264, 266, 268, 269, 274, 284, 285, 286, 287, 288, 289, 292, 293, 294, 295, 296, 297, 300, 301, 302, 303, 304, 305, 307, 309, 315, 316, 321, 322, 349, 350, 364, 365, 367, 369, 370, 375, 376, 377, 389, 394, 396, 397, 399, 400, 402, 403, 404, 405, 406, 418, 422, 423, 428, 429, 441, 442, 443, 448, 450, 451, 458, 459, 462, 463, 464, 465, 466, 468, 469, 478, 483, 485, 486, 491, 492, 505, 506, 507, 508, 513, 514, 519, 520, 532, 533, 534, 535, 537, 538, 543, 544, 564, 565, 566, 567, 573, 574, 579, 580, 602, 603, 604, 605, 611, 612, 617, 618, 630, 631, 632, 633, 638, 639, 644, 645, 677, 679, 680, 681, 682, 683, 685, 687, 690, 693, 694, 696, 698, 700, 703, 706, 708, 719, 720, 725, 726, 749, 751, 752, 753, 754, 755, 757, 759, 762, 763, 765, 766, 767, 768, 770, 771, 772, 773, 774, 779, 791, 792, 797, 798, 833, 834, 835, 836, 837, 839, 840, 841, 842, 846, 848, 850, 853, 862, 863, 864, 866, 867, 868, 870, 871, 872, 874, 875, 876, 878, 879, 880, 882, 883, 884, 887, 888, 889, 895, 896, 902, 911, 912, 917, 918, 922, 925, 927, 928, 931, 934, 935, 936, 937, 940, 941, 942, 943, 946, 947, 948, 949, 952, 953, 954, 955, 957, 958], "excluded_lines": [], "functions": {"mealplans_list": {"executed_lines": [39, 40, 42, 43, 45, 47, 48, 50, 52, 57, 60, 61, 62, 63, 64, 75, 81, 85, 86], "summary": {"covered_lines": 19, "num_statements": 22, "percent_covered": 86.36363636363636, "percent_covered_display": "86", "missing_lines": 3, "excluded_lines": 0, "percent_statements_covered": 86.36363636363636, "percent_statements_covered_display": "86"}, "missing_lines": [83, 91, 92], "excluded_lines": []}, "mealplans_today": {"executed_lines": [101, 102, 103, 105, 106, 113, 117, 118, 119, 120, 121, 123, 124, 133, 138], "summary": {"covered_lines": 15, "num_statements": 20, "percent_covered": 75.0, "percent_covered_display": "75", "missing_lines": 5, "excluded_lines": 0, "percent_statements_covered": 75.0, "percent_statements_covered_display": "75"}, "missing_lines": [114, 140, 141, 146, 147], "excluded_lines": []}, "mealplans_get": {"executed_lines": [159, 160, 161, 162, 164, 165], "summary": {"covered_lines": 6, "num_statements": 8, "percent_covered": 75.0, "percent_covered_display": "75", "missing_lines": 2, "excluded_lines": 0, "percent_statements_covered": 75.0, "percent_statements_covered_display": "75"}, "missing_lines": [170, 171], "excluded_lines": []}, "mealplans_create": {"executed_lines": [193, 195, 196, 201, 202, 207, 208, 210, 211, 213, 214, 216, 218, 224, 225], "summary": {"covered_lines": 15, "num_statements": 18, "percent_covered": 83.33333333333333, "percent_covered_display": "83", "missing_lines": 3, "excluded_lines": 0, "percent_statements_covered": 83.33333333333333, "percent_statements_covered_display": "83"}, "missing_lines": [197, 230, 231], "excluded_lines": []}, "mealplans_update": {"executed_lines": [], "summary": {"covered_lines": 0, "num_statements": 34, "percent_covered": 0.0, "percent_covered_display": "0", "missing_lines": 34, "excluded_lines": 0, "percent_statements_covered": 0.0, "percent_statements_covered_display": "0"}, "missing_lines": [255, 257, 258, 259, 260, 264, 266, 268, 269, 274, 284, 285, 286, 287, 288, 289, 292, 293, 294, 295, 296, 297, 300, 301, 302, 303, 304, 305, 307, 309, 315, 316, 321, 322], "excluded_lines": []}, "mealplans_delete": {"executed_lines": [334, 335, 336, 338, 343, 344], "summary": {"covered_lines": 6, "num_statements": 8, "percent_covered": 75.0, "percent_covered_display": "75", "missing_lines": 2, "excluded_lines": 0, "percent_statements_covered": 75.0, "percent_statements_covered_display": "75"}, "missing_lines": [349, 350], "excluded_lines": []}, "mealplans_random": {"executed_lines": [], "summary": {"covered_lines": 0, "num_statements": 24, "percent_covered": 0.0, "percent_covered_display": "0", "missing_lines": 24, "excluded_lines": 0, "percent_statements_covered": 0.0, "percent_statements_covered_display": "0"}, "missing_lines": [364, 365, 367, 369, 370, 375, 376, 377, 389, 394, 396, 397, 399, 400, 402, 403, 404, 405, 406, 418, 422, 423, 428, 429], "excluded_lines": []}, "mealplans_get_by_date": {"executed_lines": [], "summary": {"covered_lines": 0, "num_statements": 21, "percent_covered": 0.0, "percent_covered_display": "0", "missing_lines": 21, "excluded_lines": 0, "percent_statements_covered": 0.0, "percent_statements_covered_display": "0"}, "missing_lines": [441, 442, 443, 448, 450, 451, 458, 459, 462, 463, 464, 465, 466, 468, 469, 478, 483, 485, 486, 491, 492], "excluded_lines": []}, "mealplan_rules_list": {"executed_lines": [], "summary": {"covered_lines": 0, "num_statements": 8, "percent_covered": 0.0, "percent_covered_display": "0", "missing_lines": 8, "excluded_lines": 0, "percent_statements_covered": 0.0, "percent_statements_covered_display": "0"}, "missing_lines": [505, 506, 507, 508, 513, 514, 519, 520], "excluded_lines": []}, "mealplan_rules_get": {"executed_lines": [], "summary": {"covered_lines": 0, "num_statements": 8, "percent_covered": 0.0, "percent_covered_display": "0", "missing_lines": 8, "excluded_lines": 0, "percent_statements_covered": 0.0, "percent_statements_covered_display": "0"}, "missing_lines": [532, 533, 534, 535, 537, 538, 543, 544], "excluded_lines": []}, "mealplan_rules_create": {"executed_lines": [], "summary": {"covered_lines": 0, "num_statements": 8, "percent_covered": 0.0, "percent_covered_display": "0", "missing_lines": 8, "excluded_lines": 0, "percent_statements_covered": 0.0, "percent_statements_covered_display": "0"}, "missing_lines": [564, 565, 566, 567, 573, 574, 579, 580], "excluded_lines": []}, "mealplan_rules_update": {"executed_lines": [], "summary": {"covered_lines": 0, "num_statements": 8, "percent_covered": 0.0, "percent_covered_display": "0", "missing_lines": 8, "excluded_lines": 0, "percent_statements_covered": 0.0, "percent_statements_covered_display": "0"}, "missing_lines": [602, 603, 604, 605, 611, 612, 617, 618], "excluded_lines": []}, "mealplan_rules_delete": {"executed_lines": [], "summary": {"covered_lines": 0, "num_statements": 8, "percent_covered": 0.0, "percent_covered_display": "0", "missing_lines": 8, "excluded_lines": 0, "percent_statements_covered": 0.0, "percent_statements_covered_display": "0"}, "missing_lines": [630, 631, 632, 633, 638, 639, 644, 645], "excluded_lines": []}, "mealplans_search": {"executed_lines": [], "summary": {"covered_lines": 0, "num_statements": 21, "percent_covered": 0.0, "percent_covered_display": "0", "missing_lines": 21, "excluded_lines": 0, "percent_statements_covered": 0.0, "percent_statements_covered_display": "0"}, "missing_lines": [677, 679, 680, 681, 682, 683, 685, 687, 690, 693, 694, 696, 698, 700, 703, 706, 708, 719, 720, 725, 726], "excluded_lines": []}, "mealplans_delete_range": {"executed_lines": [], "summary": {"covered_lines": 0, "num_statements": 24, "percent_covered": 0.0, "percent_covered_display": "0", "missing_lines": 24, "excluded_lines": 0, "percent_statements_covered": 0.0, "percent_statements_covered_display": "0"}, "missing_lines": [749, 751, 752, 753, 754, 755, 757, 759, 762, 763, 765, 766, 767, 768, 770, 771, 772, 773, 774, 779, 791, 792, 797, 798], "excluded_lines": []}, "mealplans_update_batch": {"executed_lines": [], "summary": {"covered_lines": 0, "num_statements": 41, "percent_covered": 0.0, "percent_covered_display": "0", "missing_lines": 41, "excluded_lines": 0, "percent_statements_covered": 0.0, "percent_statements_covered_display": "0"}, "missing_lines": [833, 834, 835, 836, 837, 839, 840, 841, 842, 846, 848, 850, 853, 862, 863, 864, 866, 867, 868, 870, 871, 872, 874, 875, 876, 878, 879, 880, 882, 883, 884, 887, 888, 889, 895, 896, 902, 911, 912, 917, 918], "excluded_lines": []}, "": {"executed_lines": [1, 8, 9, 10, 11, 12, 15, 16, 23, 26, 95, 150, 174, 234, 325, 353, 432, 499, 523, 547, 583, 621, 648, 729, 801, 921], "summary": {"covered_lines": 25, "num_statements": 51, "percent_covered": 49.01960784313726, "percent_covered_display": "49", "missing_lines": 26, "excluded_lines": 0, "percent_statements_covered": 49.01960784313726, "percent_statements_covered_display": "49"}, "missing_lines": [17, 19, 20, 922, 925, 927, 928, 931, 934, 935, 936, 937, 940, 941, 942, 943, 946, 947, 948, 949, 952, 953, 954, 955, 957, 958], "excluded_lines": []}}, "classes": {"": {"executed_lines": [1, 8, 9, 10, 11, 12, 15, 16, 23, 26, 39, 40, 42, 43, 45, 47, 48, 50, 52, 57, 60, 61, 62, 63, 64, 75, 81, 85, 86, 95, 101, 102, 103, 105, 106, 113, 117, 118, 119, 120, 121, 123, 124, 133, 138, 150, 159, 160, 161, 162, 164, 165, 174, 193, 195, 196, 201, 202, 207, 208, 210, 211, 213, 214, 216, 218, 224, 225, 234, 325, 334, 335, 336, 338, 343, 344, 353, 432, 499, 523, 547, 583, 621, 648, 729, 801, 921], "summary": {"covered_lines": 86, "num_statements": 332, "percent_covered": 25.903614457831324, "percent_covered_display": "26", "missing_lines": 246, "excluded_lines": 0, "percent_statements_covered": 25.903614457831324, "percent_statements_covered_display": "26"}, "missing_lines": [17, 19, 20, 83, 91, 92, 114, 140, 141, 146, 147, 170, 171, 197, 230, 231, 255, 257, 258, 259, 260, 264, 266, 268, 269, 274, 284, 285, 286, 287, 288, 289, 292, 293, 294, 295, 296, 297, 300, 301, 302, 303, 304, 305, 307, 309, 315, 316, 321, 322, 349, 350, 364, 365, 367, 369, 370, 375, 376, 377, 389, 394, 396, 397, 399, 400, 402, 403, 404, 405, 406, 418, 422, 423, 428, 429, 441, 442, 443, 448, 450, 451, 458, 459, 462, 463, 464, 465, 466, 468, 469, 478, 483, 485, 486, 491, 492, 505, 506, 507, 508, 513, 514, 519, 520, 532, 533, 534, 535, 537, 538, 543, 544, 564, 565, 566, 567, 573, 574, 579, 580, 602, 603, 604, 605, 611, 612, 617, 618, 630, 631, 632, 633, 638, 639, 644, 645, 677, 679, 680, 681, 682, 683, 685, 687, 690, 693, 694, 696, 698, 700, 703, 706, 708, 719, 720, 725, 726, 749, 751, 752, 753, 754, 755, 757, 759, 762, 763, 765, 766, 767, 768, 770, 771, 772, 773, 774, 779, 791, 792, 797, 798, 833, 834, 835, 836, 837, 839, 840, 841, 842, 846, 848, 850, 853, 862, 863, 864, 866, 867, 868, 870, 871, 872, 874, 875, 876, 878, 879, 880, 882, 883, 884, 887, 888, 889, 895, 896, 902, 911, 912, 917, 918, 922, 925, 927, 928, 931, 934, 935, 936, 937, 940, 941, 942, 943, 946, 947, 948, 949, 952, 953, 954, 955, 957, 958], "excluded_lines": []}}}, "src/tools/organizers.py": {"executed_lines": [1, 7, 8, 9, 10, 13, 14, 25, 31, 32, 33, 34, 39, 46, 47, 50, 53, 62, 63, 64, 65, 71, 78, 79, 82, 85, 116, 154, 189, 195, 196, 197, 198, 203, 210, 211, 214, 217, 226, 227, 228, 229, 235, 242, 243, 246, 249, 280, 318, 353, 359, 360, 361, 362, 367, 374, 375, 378, 381, 390, 391, 392, 393, 399, 406, 407, 410, 413, 444, 482], "summary": {"covered_lines": 69, "num_statements": 174, "percent_covered": 39.6551724137931, "percent_covered_display": "40", "missing_lines": 105, "excluded_lines": 0, "percent_statements_covered": 39.6551724137931, "percent_statements_covered_display": "40"}, "missing_lines": [15, 17, 18, 40, 45, 72, 77, 94, 95, 96, 97, 102, 103, 108, 109, 110, 113, 131, 132, 133, 134, 140, 141, 146, 147, 148, 151, 163, 164, 165, 166, 171, 172, 177, 178, 179, 182, 204, 209, 236, 241, 258, 259, 260, 261, 266, 267, 272, 273, 274, 277, 295, 296, 297, 298, 304, 305, 310, 311, 312, 315, 327, 328, 329, 330, 335, 336, 341, 342, 343, 346, 368, 373, 400, 405, 422, 423, 424, 425, 430, 431, 436, 437, 438, 441, 459, 460, 461, 462, 468, 469, 474, 475, 476, 479, 491, 492, 493, 494, 499, 500, 505, 506, 507, 510], "excluded_lines": [], "functions": {"categories_list": {"executed_lines": [31, 32, 33, 34, 39, 46, 47, 50], "summary": {"covered_lines": 8, "num_statements": 10, "percent_covered": 80.0, "percent_covered_display": "80", "missing_lines": 2, "excluded_lines": 0, "percent_statements_covered": 80.0, "percent_statements_covered_display": "80"}, "missing_lines": [40, 45], "excluded_lines": []}, "categories_create": {"executed_lines": [62, 63, 64, 65, 71, 78, 79, 82], "summary": {"covered_lines": 8, "num_statements": 10, "percent_covered": 80.0, "percent_covered_display": "80", "missing_lines": 2, "excluded_lines": 0, "percent_statements_covered": 80.0, "percent_statements_covered_display": "80"}, "missing_lines": [72, 77], "excluded_lines": []}, "categories_get": {"executed_lines": [], "summary": {"covered_lines": 0, "num_statements": 10, "percent_covered": 0.0, "percent_covered_display": "0", "missing_lines": 10, "excluded_lines": 0, "percent_statements_covered": 0.0, "percent_statements_covered_display": "0"}, "missing_lines": [94, 95, 96, 97, 102, 103, 108, 109, 110, 113], "excluded_lines": []}, "categories_update": {"executed_lines": [], "summary": {"covered_lines": 0, "num_statements": 10, "percent_covered": 0.0, "percent_covered_display": "0", "missing_lines": 10, "excluded_lines": 0, "percent_statements_covered": 0.0, "percent_statements_covered_display": "0"}, "missing_lines": [131, 132, 133, 134, 140, 141, 146, 147, 148, 151], "excluded_lines": []}, "categories_delete": {"executed_lines": [], "summary": {"covered_lines": 0, "num_statements": 10, "percent_covered": 0.0, "percent_covered_display": "0", "missing_lines": 10, "excluded_lines": 0, "percent_statements_covered": 0.0, "percent_statements_covered_display": "0"}, "missing_lines": [163, 164, 165, 166, 171, 172, 177, 178, 179, 182], "excluded_lines": []}, "tags_list": {"executed_lines": [195, 196, 197, 198, 203, 210, 211, 214], "summary": {"covered_lines": 8, "num_statements": 10, "percent_covered": 80.0, "percent_covered_display": "80", "missing_lines": 2, "excluded_lines": 0, "percent_statements_covered": 80.0, "percent_statements_covered_display": "80"}, "missing_lines": [204, 209], "excluded_lines": []}, "tags_create": {"executed_lines": [226, 227, 228, 229, 235, 242, 243, 246], "summary": {"covered_lines": 8, "num_statements": 10, "percent_covered": 80.0, "percent_covered_display": "80", "missing_lines": 2, "excluded_lines": 0, "percent_statements_covered": 80.0, "percent_statements_covered_display": "80"}, "missing_lines": [236, 241], "excluded_lines": []}, "tags_get": {"executed_lines": [], "summary": {"covered_lines": 0, "num_statements": 10, "percent_covered": 0.0, "percent_covered_display": "0", "missing_lines": 10, "excluded_lines": 0, "percent_statements_covered": 0.0, "percent_statements_covered_display": "0"}, "missing_lines": [258, 259, 260, 261, 266, 267, 272, 273, 274, 277], "excluded_lines": []}, "tags_update": {"executed_lines": [], "summary": {"covered_lines": 0, "num_statements": 10, "percent_covered": 0.0, "percent_covered_display": "0", "missing_lines": 10, "excluded_lines": 0, "percent_statements_covered": 0.0, "percent_statements_covered_display": "0"}, "missing_lines": [295, 296, 297, 298, 304, 305, 310, 311, 312, 315], "excluded_lines": []}, "tags_delete": {"executed_lines": [], "summary": {"covered_lines": 0, "num_statements": 10, "percent_covered": 0.0, "percent_covered_display": "0", "missing_lines": 10, "excluded_lines": 0, "percent_statements_covered": 0.0, "percent_statements_covered_display": "0"}, "missing_lines": [327, 328, 329, 330, 335, 336, 341, 342, 343, 346], "excluded_lines": []}, "tools_list": {"executed_lines": [359, 360, 361, 362, 367, 374, 375, 378], "summary": {"covered_lines": 8, "num_statements": 10, "percent_covered": 80.0, "percent_covered_display": "80", "missing_lines": 2, "excluded_lines": 0, "percent_statements_covered": 80.0, "percent_statements_covered_display": "80"}, "missing_lines": [368, 373], "excluded_lines": []}, "tools_create": {"executed_lines": [390, 391, 392, 393, 399, 406, 407, 410], "summary": {"covered_lines": 8, "num_statements": 10, "percent_covered": 80.0, "percent_covered_display": "80", "missing_lines": 2, "excluded_lines": 0, "percent_statements_covered": 80.0, "percent_statements_covered_display": "80"}, "missing_lines": [400, 405], "excluded_lines": []}, "tools_get": {"executed_lines": [], "summary": {"covered_lines": 0, "num_statements": 10, "percent_covered": 0.0, "percent_covered_display": "0", "missing_lines": 10, "excluded_lines": 0, "percent_statements_covered": 0.0, "percent_statements_covered_display": "0"}, "missing_lines": [422, 423, 424, 425, 430, 431, 436, 437, 438, 441], "excluded_lines": []}, "tools_update": {"executed_lines": [], "summary": {"covered_lines": 0, "num_statements": 10, "percent_covered": 0.0, "percent_covered_display": "0", "missing_lines": 10, "excluded_lines": 0, "percent_statements_covered": 0.0, "percent_statements_covered_display": "0"}, "missing_lines": [459, 460, 461, 462, 468, 469, 474, 475, 476, 479], "excluded_lines": []}, "tools_delete": {"executed_lines": [], "summary": {"covered_lines": 0, "num_statements": 10, "percent_covered": 0.0, "percent_covered_display": "0", "missing_lines": 10, "excluded_lines": 0, "percent_statements_covered": 0.0, "percent_statements_covered_display": "0"}, "missing_lines": [491, 492, 493, 494, 499, 500, 505, 506, 507, 510], "excluded_lines": []}, "": {"executed_lines": [1, 7, 8, 9, 10, 13, 14, 25, 53, 85, 116, 154, 189, 217, 249, 280, 318, 353, 381, 413, 444, 482], "summary": {"covered_lines": 21, "num_statements": 24, "percent_covered": 87.5, "percent_covered_display": "88", "missing_lines": 3, "excluded_lines": 0, "percent_statements_covered": 87.5, "percent_statements_covered_display": "88"}, "missing_lines": [15, 17, 18], "excluded_lines": []}}, "classes": {"": {"executed_lines": [1, 7, 8, 9, 10, 13, 14, 25, 31, 32, 33, 34, 39, 46, 47, 50, 53, 62, 63, 64, 65, 71, 78, 79, 82, 85, 116, 154, 189, 195, 196, 197, 198, 203, 210, 211, 214, 217, 226, 227, 228, 229, 235, 242, 243, 246, 249, 280, 318, 353, 359, 360, 361, 362, 367, 374, 375, 378, 381, 390, 391, 392, 393, 399, 406, 407, 410, 413, 444, 482], "summary": {"covered_lines": 69, "num_statements": 174, "percent_covered": 39.6551724137931, "percent_covered_display": "40", "missing_lines": 105, "excluded_lines": 0, "percent_statements_covered": 39.6551724137931, "percent_statements_covered_display": "40"}, "missing_lines": [15, 17, 18, 40, 45, 72, 77, 94, 95, 96, 97, 102, 103, 108, 109, 110, 113, 131, 132, 133, 134, 140, 141, 146, 147, 148, 151, 163, 164, 165, 166, 171, 172, 177, 178, 179, 182, 204, 209, 236, 241, 258, 259, 260, 261, 266, 267, 272, 273, 274, 277, 295, 296, 297, 298, 304, 305, 310, 311, 312, 315, 327, 328, 329, 330, 335, 336, 341, 342, 343, 346, 368, 373, 400, 405, 422, 423, 424, 425, 430, 431, 436, 437, 438, 441, 459, 460, 461, 462, 468, 469, 474, 475, 476, 479, 491, 492, 493, 494, 499, 500, 505, 506, 507, 510], "excluded_lines": []}}}, "src/tools/parser.py": {"executed_lines": [1, 8, 9, 10, 11, 14, 15, 22, 35, 36, 38, 41, 43, 44, 49, 57, 70, 71, 73, 76, 80, 82, 83, 88, 96], "summary": {"covered_lines": 24, "num_statements": 57, "percent_covered": 42.10526315789474, "percent_covered_display": "42", "missing_lines": 33, "excluded_lines": 0, "percent_statements_covered": 42.10526315789474, "percent_statements_covered_display": "42"}, "missing_lines": [16, 18, 19, 50, 51, 54, 89, 90, 93, 97, 100, 102, 103, 106, 109, 110, 111, 112, 115, 116, 117, 118, 121, 122, 123, 129, 130, 133, 134, 135, 136, 138, 139], "excluded_lines": [], "functions": {"parser_ingredient": {"executed_lines": [35, 36, 38, 41, 43, 44, 49], "summary": {"covered_lines": 7, "num_statements": 10, "percent_covered": 70.0, "percent_covered_display": "70", "missing_lines": 3, "excluded_lines": 0, "percent_statements_covered": 70.0, "percent_statements_covered_display": "70"}, "missing_lines": [50, 51, 54], "excluded_lines": []}, "parser_ingredients_batch": {"executed_lines": [70, 71, 73, 76, 80, 82, 83, 88], "summary": {"covered_lines": 8, "num_statements": 11, "percent_covered": 72.72727272727273, "percent_covered_display": "73", "missing_lines": 3, "excluded_lines": 0, "percent_statements_covered": 72.72727272727273, "percent_statements_covered_display": "73"}, "missing_lines": [89, 90, 93], "excluded_lines": []}, "": {"executed_lines": [1, 8, 9, 10, 11, 14, 15, 22, 57, 96], "summary": {"covered_lines": 9, "num_statements": 36, "percent_covered": 25.0, "percent_covered_display": "25", "missing_lines": 27, "excluded_lines": 0, "percent_statements_covered": 25.0, "percent_statements_covered_display": "25"}, "missing_lines": [16, 18, 19, 97, 100, 102, 103, 106, 109, 110, 111, 112, 115, 116, 117, 118, 121, 122, 123, 129, 130, 133, 134, 135, 136, 138, 139], "excluded_lines": []}}, "classes": {"": {"executed_lines": [1, 8, 9, 10, 11, 14, 15, 22, 35, 36, 38, 41, 43, 44, 49, 57, 70, 71, 73, 76, 80, 82, 83, 88, 96], "summary": {"covered_lines": 24, "num_statements": 57, "percent_covered": 42.10526315789474, "percent_covered_display": "42", "missing_lines": 33, "excluded_lines": 0, "percent_statements_covered": 42.10526315789474, "percent_statements_covered_display": "42"}, "missing_lines": [16, 18, 19, 50, 51, 54, 89, 90, 93, 97, 100, 102, 103, 106, 109, 110, 111, 112, 115, 116, 117, 118, 121, 122, 123, 129, 130, 133, 134, 135, 136, 138, 139], "excluded_lines": []}}}, "src/tools/recipes.py": {"executed_lines": [1, 7, 8, 9, 10, 11, 14, 16, 17, 18, 19, 22, 23, 30, 47, 48, 50, 55, 56, 58, 59, 61, 62, 65, 68, 69, 70, 71, 80, 85, 90, 91, 96, 104, 113, 114, 116, 119, 121, 122, 127, 135, 145, 146, 148, 154, 157, 158, 165, 170, 171, 176, 184, 250, 316, 445, 501, 634, 841, 882, 921, 956, 990, 1024, 1058, 1091, 1125, 1159, 1198, 1226], "summary": {"covered_lines": 69, "num_statements": 455, "percent_covered": 15.164835164835164, "percent_covered_display": "15", "missing_lines": 386, "excluded_lines": 0, "percent_statements_covered": 15.164835164835164, "percent_statements_covered_display": "15"}, "missing_lines": [24, 26, 27, 88, 97, 98, 101, 128, 129, 132, 168, 177, 178, 181, 222, 223, 224, 227, 228, 229, 232, 233, 236, 237, 239, 241, 244, 245, 247, 288, 289, 290, 293, 294, 295, 298, 299, 302, 303, 305, 307, 310, 311, 313, 345, 346, 348, 351, 352, 353, 354, 356, 359, 362, 367, 369, 372, 381, 382, 383, 384, 385, 386, 387, 388, 389, 390, 393, 394, 399, 400, 405, 406, 407, 410, 411, 414, 417, 419, 429, 431, 432, 437, 438, 439, 442, 455, 456, 458, 464, 465, 466, 467, 469, 472, 474, 485, 487, 488, 493, 494, 495, 498, 536, 537, 539, 543, 560, 561, 565, 568, 569, 573, 576, 577, 579, 580, 582, 585, 587, 588, 592, 596, 598, 601, 604, 606, 618, 620, 621, 626, 627, 628, 631, 661, 662, 665, 666, 668, 669, 670, 672, 675, 676, 677, 678, 679, 681, 682, 683, 684, 686, 687, 690, 693, 694, 695, 696, 697, 699, 700, 701, 702, 704, 705, 707, 710, 712, 715, 716, 719, 722, 725, 726, 729, 730, 731, 732, 733, 734, 736, 737, 739, 740, 741, 744, 745, 746, 747, 748, 749, 751, 752, 754, 755, 756, 759, 760, 763, 764, 767, 768, 769, 770, 771, 772, 773, 774, 775, 776, 777, 778, 779, 780, 783, 784, 787, 788, 791, 792, 793, 795, 798, 799, 800, 801, 802, 803, 804, 805, 806, 807, 810, 812, 823, 825, 827, 833, 834, 835, 838, 850, 851, 853, 854, 855, 856, 857, 860, 862, 866, 868, 869, 874, 875, 876, 879, 892, 893, 894, 896, 905, 907, 908, 913, 914, 915, 918, 931, 932, 933, 935, 940, 942, 943, 948, 949, 950, 953, 966, 967, 968, 970, 976, 977, 982, 983, 984, 987, 1000, 1001, 1002, 1004, 1010, 1011, 1016, 1017, 1018, 1021, 1034, 1035, 1036, 1038, 1044, 1045, 1050, 1051, 1052, 1055, 1067, 1068, 1069, 1071, 1077, 1078, 1083, 1084, 1085, 1088, 1101, 1102, 1103, 1105, 1111, 1112, 1117, 1118, 1119, 1122, 1135, 1136, 1137, 1139, 1145, 1146, 1151, 1152, 1153, 1156, 1169, 1170, 1171, 1173, 1182, 1184, 1185, 1190, 1191, 1192, 1195, 1208, 1209, 1210, 1211, 1212, 1213, 1218, 1219, 1220, 1223, 1227, 1230, 1232, 1233, 1236, 1239, 1240, 1241, 1242, 1245, 1246, 1247, 1248, 1249, 1252, 1253, 1254, 1255, 1256, 1258, 1261, 1262, 1263, 1264, 1266, 1267], "excluded_lines": [], "functions": {"_slugify": {"executed_lines": [16, 17, 18, 19], "summary": {"covered_lines": 4, "num_statements": 4, "percent_covered": 100.0, "percent_covered_display": "100", "missing_lines": 0, "excluded_lines": 0, "percent_statements_covered": 100.0, "percent_statements_covered_display": "100"}, "missing_lines": [], "excluded_lines": []}, "recipes_search": {"executed_lines": [47, 48, 50, 55, 56, 58, 59, 61, 62, 65, 68, 69, 70, 71, 80, 85, 90, 91, 96], "summary": {"covered_lines": 19, "num_statements": 23, "percent_covered": 82.6086956521739, "percent_covered_display": "83", "missing_lines": 4, "excluded_lines": 0, "percent_statements_covered": 82.6086956521739, "percent_statements_covered_display": "83"}, "missing_lines": [88, 97, 98, 101], "excluded_lines": []}, "recipes_get": {"executed_lines": [113, 114, 116, 119, 121, 122, 127], "summary": {"covered_lines": 7, "num_statements": 10, "percent_covered": 70.0, "percent_covered_display": "70", "missing_lines": 3, "excluded_lines": 0, "percent_statements_covered": 70.0, "percent_statements_covered_display": "70"}, "missing_lines": [128, 129, 132], "excluded_lines": []}, "recipes_list": {"executed_lines": [145, 146, 148, 154, 157, 158, 165, 170, 171, 176], "summary": {"covered_lines": 10, "num_statements": 14, "percent_covered": 71.42857142857143, "percent_covered_display": "71", "missing_lines": 4, "excluded_lines": 0, "percent_statements_covered": 71.42857142857143, "percent_statements_covered_display": "71"}, "missing_lines": [168, 177, 178, 181], "excluded_lines": []}, "_resolve_tags": {"executed_lines": [], "summary": {"covered_lines": 0, "num_statements": 15, "percent_covered": 0.0, "percent_covered_display": "0", "missing_lines": 15, "excluded_lines": 0, "percent_statements_covered": 0.0, "percent_statements_covered_display": "0"}, "missing_lines": [222, 223, 224, 227, 228, 229, 232, 233, 236, 237, 239, 241, 244, 245, 247], "excluded_lines": []}, "_resolve_categories": {"executed_lines": [], "summary": {"covered_lines": 0, "num_statements": 15, "percent_covered": 0.0, "percent_covered_display": "0", "missing_lines": 15, "excluded_lines": 0, "percent_statements_covered": 0.0, "percent_statements_covered_display": "0"}, "missing_lines": [288, 289, 290, 293, 294, 295, 298, 299, 302, 303, 305, 307, 310, 311, 313], "excluded_lines": []}, "recipes_create": {"executed_lines": [], "summary": {"covered_lines": 0, "num_statements": 42, "percent_covered": 0.0, "percent_covered_display": "0", "missing_lines": 42, "excluded_lines": 0, "percent_statements_covered": 0.0, "percent_statements_covered_display": "0"}, "missing_lines": [345, 346, 348, 351, 352, 353, 354, 356, 359, 362, 367, 369, 372, 381, 382, 383, 384, 385, 386, 387, 388, 389, 390, 393, 394, 399, 400, 405, 406, 407, 410, 411, 414, 417, 419, 429, 431, 432, 437, 438, 439, 442], "excluded_lines": []}, "recipes_create_from_url": {"executed_lines": [], "summary": {"covered_lines": 0, "num_statements": 17, "percent_covered": 0.0, "percent_covered_display": "0", "missing_lines": 17, "excluded_lines": 0, "percent_statements_covered": 0.0, "percent_statements_covered_display": "0"}, "missing_lines": [455, 456, 458, 464, 465, 466, 467, 469, 472, 474, 485, 487, 488, 493, 494, 495, 498], "excluded_lines": []}, "recipes_update": {"executed_lines": [], "summary": {"covered_lines": 0, "num_statements": 31, "percent_covered": 0.0, "percent_covered_display": "0", "missing_lines": 31, "excluded_lines": 0, "percent_statements_covered": 0.0, "percent_statements_covered_display": "0"}, "missing_lines": [536, 537, 539, 543, 560, 561, 565, 568, 569, 573, 576, 577, 579, 580, 582, 585, 587, 588, 592, 596, 598, 601, 604, 606, 618, 620, 621, 626, 627, 628, 631], "excluded_lines": []}, "recipes_update_structured_ingredients": {"executed_lines": [], "summary": {"covered_lines": 0, "num_statements": 107, "percent_covered": 0.0, "percent_covered_display": "0", "missing_lines": 107, "excluded_lines": 0, "percent_statements_covered": 0.0, "percent_statements_covered_display": "0"}, "missing_lines": [661, 662, 665, 666, 668, 669, 670, 672, 675, 676, 677, 678, 679, 681, 682, 683, 684, 686, 687, 690, 693, 694, 695, 696, 697, 699, 700, 701, 702, 704, 705, 707, 710, 712, 715, 716, 719, 722, 725, 726, 729, 730, 731, 732, 733, 734, 736, 737, 739, 740, 741, 744, 745, 746, 747, 748, 749, 751, 752, 754, 755, 756, 759, 760, 763, 764, 767, 768, 769, 770, 771, 772, 773, 774, 775, 776, 777, 778, 779, 780, 783, 784, 787, 788, 791, 792, 793, 795, 798, 799, 800, 801, 802, 803, 804, 805, 806, 807, 810, 812, 823, 825, 827, 833, 834, 835, 838], "excluded_lines": []}, "recipes_delete": {"executed_lines": [], "summary": {"covered_lines": 0, "num_statements": 16, "percent_covered": 0.0, "percent_covered_display": "0", "missing_lines": 16, "excluded_lines": 0, "percent_statements_covered": 0.0, "percent_statements_covered_display": "0"}, "missing_lines": [850, 851, 853, 854, 855, 856, 857, 860, 862, 866, 868, 869, 874, 875, 876, 879], "excluded_lines": []}, "recipes_duplicate": {"executed_lines": [], "summary": {"covered_lines": 0, "num_statements": 11, "percent_covered": 0.0, "percent_covered_display": "0", "missing_lines": 11, "excluded_lines": 0, "percent_statements_covered": 0.0, "percent_statements_covered_display": "0"}, "missing_lines": [892, 893, 894, 896, 905, 907, 908, 913, 914, 915, 918], "excluded_lines": []}, "recipes_update_last_made": {"executed_lines": [], "summary": {"covered_lines": 0, "num_statements": 11, "percent_covered": 0.0, "percent_covered_display": "0", "missing_lines": 11, "excluded_lines": 0, "percent_statements_covered": 0.0, "percent_statements_covered_display": "0"}, "missing_lines": [931, 932, 933, 935, 940, 942, 943, 948, 949, 950, 953], "excluded_lines": []}, "recipes_create_from_urls_bulk": {"executed_lines": [], "summary": {"covered_lines": 0, "num_statements": 10, "percent_covered": 0.0, "percent_covered_display": "0", "missing_lines": 10, "excluded_lines": 0, "percent_statements_covered": 0.0, "percent_statements_covered_display": "0"}, "missing_lines": [966, 967, 968, 970, 976, 977, 982, 983, 984, 987], "excluded_lines": []}, "recipes_bulk_tag": {"executed_lines": [], "summary": {"covered_lines": 0, "num_statements": 10, "percent_covered": 0.0, "percent_covered_display": "0", "missing_lines": 10, "excluded_lines": 0, "percent_statements_covered": 0.0, "percent_statements_covered_display": "0"}, "missing_lines": [1000, 1001, 1002, 1004, 1010, 1011, 1016, 1017, 1018, 1021], "excluded_lines": []}, "recipes_bulk_categorize": {"executed_lines": [], "summary": {"covered_lines": 0, "num_statements": 10, "percent_covered": 0.0, "percent_covered_display": "0", "missing_lines": 10, "excluded_lines": 0, "percent_statements_covered": 0.0, "percent_statements_covered_display": "0"}, "missing_lines": [1034, 1035, 1036, 1038, 1044, 1045, 1050, 1051, 1052, 1055], "excluded_lines": []}, "recipes_bulk_delete": {"executed_lines": [], "summary": {"covered_lines": 0, "num_statements": 10, "percent_covered": 0.0, "percent_covered_display": "0", "missing_lines": 10, "excluded_lines": 0, "percent_statements_covered": 0.0, "percent_statements_covered_display": "0"}, "missing_lines": [1067, 1068, 1069, 1071, 1077, 1078, 1083, 1084, 1085, 1088], "excluded_lines": []}, "recipes_bulk_export": {"executed_lines": [], "summary": {"covered_lines": 0, "num_statements": 10, "percent_covered": 0.0, "percent_covered_display": "0", "missing_lines": 10, "excluded_lines": 0, "percent_statements_covered": 0.0, "percent_statements_covered_display": "0"}, "missing_lines": [1101, 1102, 1103, 1105, 1111, 1112, 1117, 1118, 1119, 1122], "excluded_lines": []}, "recipes_bulk_update_settings": {"executed_lines": [], "summary": {"covered_lines": 0, "num_statements": 10, "percent_covered": 0.0, "percent_covered_display": "0", "missing_lines": 10, "excluded_lines": 0, "percent_statements_covered": 0.0, "percent_statements_covered_display": "0"}, "missing_lines": [1135, 1136, 1137, 1139, 1145, 1146, 1151, 1152, 1153, 1156], "excluded_lines": []}, "recipes_create_from_image": {"executed_lines": [], "summary": {"covered_lines": 0, "num_statements": 11, "percent_covered": 0.0, "percent_covered_display": "0", "missing_lines": 11, "excluded_lines": 0, "percent_statements_covered": 0.0, "percent_statements_covered_display": "0"}, "missing_lines": [1169, 1170, 1171, 1173, 1182, 1184, 1185, 1190, 1191, 1192, 1195], "excluded_lines": []}, "recipes_upload_image_from_url": {"executed_lines": [], "summary": {"covered_lines": 0, "num_statements": 10, "percent_covered": 0.0, "percent_covered_display": "0", "missing_lines": 10, "excluded_lines": 0, "percent_statements_covered": 0.0, "percent_statements_covered_display": "0"}, "missing_lines": [1208, 1209, 1210, 1211, 1212, 1213, 1218, 1219, 1220, 1223], "excluded_lines": []}, "": {"executed_lines": [1, 7, 8, 9, 10, 11, 14, 22, 23, 30, 104, 135, 184, 250, 316, 445, 501, 634, 841, 882, 921, 956, 990, 1024, 1058, 1091, 1125, 1159, 1198, 1226], "summary": {"covered_lines": 29, "num_statements": 58, "percent_covered": 50.0, "percent_covered_display": "50", "missing_lines": 29, "excluded_lines": 0, "percent_statements_covered": 50.0, "percent_statements_covered_display": "50"}, "missing_lines": [24, 26, 27, 1227, 1230, 1232, 1233, 1236, 1239, 1240, 1241, 1242, 1245, 1246, 1247, 1248, 1249, 1252, 1253, 1254, 1255, 1256, 1258, 1261, 1262, 1263, 1264, 1266, 1267], "excluded_lines": []}}, "classes": {"": {"executed_lines": [1, 7, 8, 9, 10, 11, 14, 16, 17, 18, 19, 22, 23, 30, 47, 48, 50, 55, 56, 58, 59, 61, 62, 65, 68, 69, 70, 71, 80, 85, 90, 91, 96, 104, 113, 114, 116, 119, 121, 122, 127, 135, 145, 146, 148, 154, 157, 158, 165, 170, 171, 176, 184, 250, 316, 445, 501, 634, 841, 882, 921, 956, 990, 1024, 1058, 1091, 1125, 1159, 1198, 1226], "summary": {"covered_lines": 69, "num_statements": 455, "percent_covered": 15.164835164835164, "percent_covered_display": "15", "missing_lines": 386, "excluded_lines": 0, "percent_statements_covered": 15.164835164835164, "percent_statements_covered_display": "15"}, "missing_lines": [24, 26, 27, 88, 97, 98, 101, 128, 129, 132, 168, 177, 178, 181, 222, 223, 224, 227, 228, 229, 232, 233, 236, 237, 239, 241, 244, 245, 247, 288, 289, 290, 293, 294, 295, 298, 299, 302, 303, 305, 307, 310, 311, 313, 345, 346, 348, 351, 352, 353, 354, 356, 359, 362, 367, 369, 372, 381, 382, 383, 384, 385, 386, 387, 388, 389, 390, 393, 394, 399, 400, 405, 406, 407, 410, 411, 414, 417, 419, 429, 431, 432, 437, 438, 439, 442, 455, 456, 458, 464, 465, 466, 467, 469, 472, 474, 485, 487, 488, 493, 494, 495, 498, 536, 537, 539, 543, 560, 561, 565, 568, 569, 573, 576, 577, 579, 580, 582, 585, 587, 588, 592, 596, 598, 601, 604, 606, 618, 620, 621, 626, 627, 628, 631, 661, 662, 665, 666, 668, 669, 670, 672, 675, 676, 677, 678, 679, 681, 682, 683, 684, 686, 687, 690, 693, 694, 695, 696, 697, 699, 700, 701, 702, 704, 705, 707, 710, 712, 715, 716, 719, 722, 725, 726, 729, 730, 731, 732, 733, 734, 736, 737, 739, 740, 741, 744, 745, 746, 747, 748, 749, 751, 752, 754, 755, 756, 759, 760, 763, 764, 767, 768, 769, 770, 771, 772, 773, 774, 775, 776, 777, 778, 779, 780, 783, 784, 787, 788, 791, 792, 793, 795, 798, 799, 800, 801, 802, 803, 804, 805, 806, 807, 810, 812, 823, 825, 827, 833, 834, 835, 838, 850, 851, 853, 854, 855, 856, 857, 860, 862, 866, 868, 869, 874, 875, 876, 879, 892, 893, 894, 896, 905, 907, 908, 913, 914, 915, 918, 931, 932, 933, 935, 940, 942, 943, 948, 949, 950, 953, 966, 967, 968, 970, 976, 977, 982, 983, 984, 987, 1000, 1001, 1002, 1004, 1010, 1011, 1016, 1017, 1018, 1021, 1034, 1035, 1036, 1038, 1044, 1045, 1050, 1051, 1052, 1055, 1067, 1068, 1069, 1071, 1077, 1078, 1083, 1084, 1085, 1088, 1101, 1102, 1103, 1105, 1111, 1112, 1117, 1118, 1119, 1122, 1135, 1136, 1137, 1139, 1145, 1146, 1151, 1152, 1153, 1156, 1169, 1170, 1171, 1173, 1182, 1184, 1185, 1190, 1191, 1192, 1195, 1208, 1209, 1210, 1211, 1212, 1213, 1218, 1219, 1220, 1223, 1227, 1230, 1232, 1233, 1236, 1239, 1240, 1241, 1242, 1245, 1246, 1247, 1248, 1249, 1252, 1253, 1254, 1255, 1256, 1258, 1261, 1262, 1263, 1264, 1266, 1267], "excluded_lines": []}}}, "src/tools/shopping.py": {"executed_lines": [1, 8, 9, 10, 11, 12, 15, 16, 23, 29, 30, 31, 34, 35, 36, 38, 39, 44, 45, 46, 47, 49, 59, 64, 65, 74, 83, 84, 85, 87, 93, 94, 96, 97, 98, 100, 110, 120, 121, 130, 139, 140, 141, 145, 155, 156, 165, 193, 214, 215, 216, 220, 221, 222, 223, 224, 225, 226, 228, 231, 233, 239, 240, 249, 300, 313, 314, 317, 322, 323, 329, 335, 336, 339, 367, 415, 550, 613, 643], "summary": {"covered_lines": 78, "num_statements": 267, "percent_covered": 29.213483146067414, "percent_covered_display": "29", "missing_lines": 189, "excluded_lines": 0, "percent_statements_covered": 29.213483146067414, "percent_statements_covered_display": "29"}, "missing_lines": [17, 19, 20, 37, 41, 70, 71, 88, 126, 127, 161, 162, 174, 175, 176, 178, 183, 184, 189, 190, 227, 229, 245, 246, 262, 263, 264, 265, 267, 268, 269, 273, 274, 275, 276, 278, 285, 286, 288, 290, 291, 296, 297, 330, 348, 349, 350, 352, 357, 358, 363, 364, 382, 383, 386, 391, 392, 394, 399, 405, 406, 411, 412, 433, 434, 436, 437, 439, 441, 442, 444, 447, 452, 453, 460, 461, 462, 463, 464, 466, 468, 469, 476, 477, 478, 479, 480, 482, 483, 490, 491, 493, 497, 498, 502, 505, 506, 508, 509, 510, 514, 515, 516, 519, 520, 522, 535, 536, 538, 540, 541, 546, 547, 559, 560, 562, 564, 565, 569, 570, 572, 573, 580, 581, 583, 584, 585, 586, 587, 588, 589, 590, 592, 598, 599, 601, 603, 604, 609, 610, 623, 624, 625, 627, 633, 634, 639, 640, 644, 647, 649, 650, 653, 656, 657, 658, 659, 662, 663, 664, 665, 666, 669, 670, 671, 672, 673, 675, 678, 679, 680, 681, 684, 685, 686, 687, 688, 691, 692, 693, 694, 695, 698, 699, 700, 701, 702, 704, 705], "excluded_lines": [], "functions": {"shopping_lists_list": {"executed_lines": [29, 30, 31, 34, 35, 36, 38, 39, 44, 45, 46, 47, 49, 59, 64, 65], "summary": {"covered_lines": 16, "num_statements": 20, "percent_covered": 80.0, "percent_covered_display": "80", "missing_lines": 4, "excluded_lines": 0, "percent_statements_covered": 80.0, "percent_statements_covered_display": "80"}, "missing_lines": [37, 41, 70, 71], "excluded_lines": []}, "shopping_lists_get": {"executed_lines": [83, 84, 85, 87, 93, 94, 96, 97, 98, 100, 110, 120, 121], "summary": {"covered_lines": 13, "num_statements": 16, "percent_covered": 81.25, "percent_covered_display": "81", "missing_lines": 3, "excluded_lines": 0, "percent_statements_covered": 81.25, "percent_statements_covered_display": "81"}, "missing_lines": [88, 126, 127], "excluded_lines": []}, "shopping_lists_create": {"executed_lines": [139, 140, 141, 145, 155, 156], "summary": {"covered_lines": 6, "num_statements": 8, "percent_covered": 75.0, "percent_covered_display": "75", "missing_lines": 2, "excluded_lines": 0, "percent_statements_covered": 75.0, "percent_statements_covered_display": "75"}, "missing_lines": [161, 162], "excluded_lines": []}, "shopping_lists_delete": {"executed_lines": [], "summary": {"covered_lines": 0, "num_statements": 8, "percent_covered": 0.0, "percent_covered_display": "0", "missing_lines": 8, "excluded_lines": 0, "percent_statements_covered": 0.0, "percent_statements_covered_display": "0"}, "missing_lines": [174, 175, 176, 178, 183, 184, 189, 190], "excluded_lines": []}, "shopping_items_add": {"executed_lines": [214, 215, 216, 220, 221, 222, 223, 224, 225, 226, 228, 231, 233, 239, 240], "summary": {"covered_lines": 15, "num_statements": 19, "percent_covered": 78.94736842105263, "percent_covered_display": "79", "missing_lines": 4, "excluded_lines": 0, "percent_statements_covered": 78.94736842105263, "percent_statements_covered_display": "79"}, "missing_lines": [227, 229, 245, 246], "excluded_lines": []}, "shopping_items_add_bulk": {"executed_lines": [], "summary": {"covered_lines": 0, "num_statements": 19, "percent_covered": 0.0, "percent_covered_display": "0", "missing_lines": 19, "excluded_lines": 0, "percent_statements_covered": 0.0, "percent_statements_covered_display": "0"}, "missing_lines": [262, 263, 264, 265, 267, 268, 269, 273, 274, 275, 276, 278, 285, 286, 288, 290, 291, 296, 297], "excluded_lines": []}, "shopping_items_check": {"executed_lines": [313, 314, 317, 322, 323, 329, 335, 336], "summary": {"covered_lines": 8, "num_statements": 9, "percent_covered": 88.88888888888889, "percent_covered_display": "89", "missing_lines": 1, "excluded_lines": 0, "percent_statements_covered": 88.88888888888889, "percent_statements_covered_display": "89"}, "missing_lines": [330], "excluded_lines": []}, "shopping_items_delete": {"executed_lines": [], "summary": {"covered_lines": 0, "num_statements": 8, "percent_covered": 0.0, "percent_covered_display": "0", "missing_lines": 8, "excluded_lines": 0, "percent_statements_covered": 0.0, "percent_statements_covered_display": "0"}, "missing_lines": [348, 349, 350, 352, 357, 358, 363, 364], "excluded_lines": []}, "shopping_items_add_recipe": {"executed_lines": [], "summary": {"covered_lines": 0, "num_statements": 11, "percent_covered": 0.0, "percent_covered_display": "0", "missing_lines": 11, "excluded_lines": 0, "percent_statements_covered": 0.0, "percent_statements_covered_display": "0"}, "missing_lines": [382, 383, 386, 391, 392, 394, 399, 405, 406, 411, 412], "excluded_lines": []}, "shopping_generate_from_mealplan": {"executed_lines": [], "summary": {"covered_lines": 0, "num_statements": 50, "percent_covered": 0.0, "percent_covered_display": "0", "missing_lines": 50, "excluded_lines": 0, "percent_statements_covered": 0.0, "percent_statements_covered_display": "0"}, "missing_lines": [433, 434, 436, 437, 439, 441, 442, 444, 447, 452, 453, 460, 461, 462, 463, 464, 466, 468, 469, 476, 477, 478, 479, 480, 482, 483, 490, 491, 493, 497, 498, 502, 505, 506, 508, 509, 510, 514, 515, 516, 519, 520, 522, 535, 536, 538, 540, 541, 546, 547], "excluded_lines": []}, "shopping_lists_clear_checked": {"executed_lines": [], "summary": {"covered_lines": 0, "num_statements": 27, "percent_covered": 0.0, "percent_covered_display": "0", "missing_lines": 27, "excluded_lines": 0, "percent_statements_covered": 0.0, "percent_statements_covered_display": "0"}, "missing_lines": [559, 560, 562, 564, 565, 569, 570, 572, 573, 580, 581, 583, 584, 585, 586, 587, 588, 589, 590, 592, 598, 599, 601, 603, 604, 609, 610], "excluded_lines": []}, "shopping_delete_recipe_from_list": {"executed_lines": [], "summary": {"covered_lines": 0, "num_statements": 8, "percent_covered": 0.0, "percent_covered_display": "0", "missing_lines": 8, "excluded_lines": 0, "percent_statements_covered": 0.0, "percent_statements_covered_display": "0"}, "missing_lines": [623, 624, 625, 627, 633, 634, 639, 640], "excluded_lines": []}, "": {"executed_lines": [1, 8, 9, 10, 11, 12, 15, 16, 23, 74, 130, 165, 193, 249, 300, 339, 367, 415, 550, 613, 643], "summary": {"covered_lines": 20, "num_statements": 64, "percent_covered": 31.25, "percent_covered_display": "31", "missing_lines": 44, "excluded_lines": 0, "percent_statements_covered": 31.25, "percent_statements_covered_display": "31"}, "missing_lines": [17, 19, 20, 644, 647, 649, 650, 653, 656, 657, 658, 659, 662, 663, 664, 665, 666, 669, 670, 671, 672, 673, 675, 678, 679, 680, 681, 684, 685, 686, 687, 688, 691, 692, 693, 694, 695, 698, 699, 700, 701, 702, 704, 705], "excluded_lines": []}}, "classes": {"": {"executed_lines": [1, 8, 9, 10, 11, 12, 15, 16, 23, 29, 30, 31, 34, 35, 36, 38, 39, 44, 45, 46, 47, 49, 59, 64, 65, 74, 83, 84, 85, 87, 93, 94, 96, 97, 98, 100, 110, 120, 121, 130, 139, 140, 141, 145, 155, 156, 165, 193, 214, 215, 216, 220, 221, 222, 223, 224, 225, 226, 228, 231, 233, 239, 240, 249, 300, 313, 314, 317, 322, 323, 329, 335, 336, 339, 367, 415, 550, 613, 643], "summary": {"covered_lines": 78, "num_statements": 267, "percent_covered": 29.213483146067414, "percent_covered_display": "29", "missing_lines": 189, "excluded_lines": 0, "percent_statements_covered": 29.213483146067414, "percent_statements_covered_display": "29"}, "missing_lines": [17, 19, 20, 37, 41, 70, 71, 88, 126, 127, 161, 162, 174, 175, 176, 178, 183, 184, 189, 190, 227, 229, 245, 246, 262, 263, 264, 265, 267, 268, 269, 273, 274, 275, 276, 278, 285, 286, 288, 290, 291, 296, 297, 330, 348, 349, 350, 352, 357, 358, 363, 364, 382, 383, 386, 391, 392, 394, 399, 405, 406, 411, 412, 433, 434, 436, 437, 439, 441, 442, 444, 447, 452, 453, 460, 461, 462, 463, 464, 466, 468, 469, 476, 477, 478, 479, 480, 482, 483, 490, 491, 493, 497, 498, 502, 505, 506, 508, 509, 510, 514, 515, 516, 519, 520, 522, 535, 536, 538, 540, 541, 546, 547, 559, 560, 562, 564, 565, 569, 570, 572, 573, 580, 581, 583, 584, 585, 586, 587, 588, 589, 590, 592, 598, 599, 601, 603, 604, 609, 610, 623, 624, 625, 627, 633, 634, 639, 640, 644, 647, 649, 650, 653, 656, 657, 658, 659, 662, 663, 664, 665, 666, 669, 670, 671, 672, 673, 675, 678, 679, 680, 681, 684, 685, 686, 687, 688, 691, 692, 693, 694, 695, 698, 699, 700, 701, 702, 704, 705], "excluded_lines": []}}}, "src/tools/timeline.py": {"executed_lines": [], "summary": {"covered_lines": 0, "num_statements": 87, "percent_covered": 0.0, "percent_covered_display": "0", "missing_lines": 87, "excluded_lines": 0, "percent_statements_covered": 0.0, "percent_statements_covered_display": "0"}, "missing_lines": [8, 9, 10, 11, 14, 15, 16, 18, 19, 22, 41, 42, 43, 52, 53, 54, 55, 66, 73, 75, 77, 78, 83, 84, 87, 96, 97, 98, 101, 116, 118, 119, 124, 125, 128, 149, 150, 151, 161, 171, 173, 174, 179, 180, 183, 202, 203, 204, 213, 223, 225, 226, 231, 232, 235, 244, 245, 246, 248, 253, 254, 259, 260, 263, 279, 280, 282, 284, 285, 286, 287, 290, 291, 292, 293, 294, 295, 296, 299, 300, 301, 304, 310, 318, 319, 324, 325], "excluded_lines": [], "functions": {"timeline_list": {"executed_lines": [], "summary": {"covered_lines": 0, "num_statements": 14, "percent_covered": 0.0, "percent_covered_display": "0", "missing_lines": 14, "excluded_lines": 0, "percent_statements_covered": 0.0, "percent_statements_covered_display": "0"}, "missing_lines": [41, 42, 43, 52, 53, 54, 55, 66, 73, 75, 77, 78, 83, 84], "excluded_lines": []}, "timeline_get": {"executed_lines": [], "summary": {"covered_lines": 0, "num_statements": 9, "percent_covered": 0.0, "percent_covered_display": "0", "missing_lines": 9, "excluded_lines": 0, "percent_statements_covered": 0.0, "percent_statements_covered_display": "0"}, "missing_lines": [96, 97, 98, 101, 116, 118, 119, 124, 125], "excluded_lines": []}, "timeline_create": {"executed_lines": [], "summary": {"covered_lines": 0, "num_statements": 9, "percent_covered": 0.0, "percent_covered_display": "0", "missing_lines": 9, "excluded_lines": 0, "percent_statements_covered": 0.0, "percent_statements_covered_display": "0"}, "missing_lines": [149, 150, 151, 161, 171, 173, 174, 179, 180], "excluded_lines": []}, "timeline_update": {"executed_lines": [], "summary": {"covered_lines": 0, "num_statements": 9, "percent_covered": 0.0, "percent_covered_display": "0", "missing_lines": 9, "excluded_lines": 0, "percent_statements_covered": 0.0, "percent_statements_covered_display": "0"}, "missing_lines": [202, 203, 204, 213, 223, 225, 226, 231, 232], "excluded_lines": []}, "timeline_delete": {"executed_lines": [], "summary": {"covered_lines": 0, "num_statements": 8, "percent_covered": 0.0, "percent_covered_display": "0", "missing_lines": 8, "excluded_lines": 0, "percent_statements_covered": 0.0, "percent_statements_covered_display": "0"}, "missing_lines": [244, 245, 246, 248, 253, 254, 259, 260], "excluded_lines": []}, "timeline_update_image": {"executed_lines": [], "summary": {"covered_lines": 0, "num_statements": 23, "percent_covered": 0.0, "percent_covered_display": "0", "missing_lines": 23, "excluded_lines": 0, "percent_statements_covered": 0.0, "percent_statements_covered_display": "0"}, "missing_lines": [279, 280, 282, 284, 285, 286, 287, 290, 291, 292, 293, 294, 295, 296, 299, 300, 301, 304, 310, 318, 319, 324, 325], "excluded_lines": []}, "": {"executed_lines": [], "summary": {"covered_lines": 0, "num_statements": 15, "percent_covered": 0.0, "percent_covered_display": "0", "missing_lines": 15, "excluded_lines": 0, "percent_statements_covered": 0.0, "percent_statements_covered_display": "0"}, "missing_lines": [8, 9, 10, 11, 14, 15, 16, 18, 19, 22, 87, 128, 183, 235, 263], "excluded_lines": []}}, "classes": {"": {"executed_lines": [], "summary": {"covered_lines": 0, "num_statements": 87, "percent_covered": 0.0, "percent_covered_display": "0", "missing_lines": 87, "excluded_lines": 0, "percent_statements_covered": 0.0, "percent_statements_covered_display": "0"}, "missing_lines": [8, 9, 10, 11, 14, 15, 16, 18, 19, 22, 41, 42, 43, 52, 53, 54, 55, 66, 73, 75, 77, 78, 83, 84, 87, 96, 97, 98, 101, 116, 118, 119, 124, 125, 128, 149, 150, 151, 161, 171, 173, 174, 179, 180, 183, 202, 203, 204, 213, 223, 225, 226, 231, 232, 235, 244, 245, 246, 248, 253, 254, 259, 260, 263, 279, 280, 282, 284, 285, 286, 287, 290, 291, 292, 293, 294, 295, 296, 299, 300, 301, 304, 310, 318, 319, 324, 325], "excluded_lines": []}}}}, "totals": {"covered_lines": 328, "num_statements": 1632, "percent_covered": 20.098039215686274, "percent_covered_display": "20", "missing_lines": 1304, "excluded_lines": 0, "percent_statements_covered": 20.098039215686274, "percent_statements_covered_display": "20"}}