{"meta": {"format": 3, "version": "7.12.0", "timestamp": "2025-12-21T09:11:20.359392", "branch_coverage": false, "show_contexts": false}, "files": {"src/__init__.py": {"executed_lines": [0], "summary": {"covered_lines": 0, "num_statements": 0, "percent_covered": 100.0, "percent_covered_display": "100", "missing_lines": 0, "excluded_lines": 0, "percent_statements_covered": 100.0, "percent_statements_covered_display": "100"}, "missing_lines": [], "excluded_lines": [], "functions": {"": {"executed_lines": [], "summary": {"covered_lines": 0, "num_statements": 0, "percent_covered": 100.0, "percent_covered_display": "100", "missing_lines": 0, "excluded_lines": 0, "percent_statements_covered": 100.0, "percent_statements_covered_display": "100"}, "missing_lines": [], "excluded_lines": []}}, "classes": {"": {"executed_lines": [], "summary": {"covered_lines": 0, "num_statements": 0, "percent_covered": 100.0, "percent_covered_display": "100", "missing_lines": 0, "excluded_lines": 0, "percent_statements_covered": 100.0, "percent_statements_covered_display": "100"}, "missing_lines": [], "excluded_lines": []}}}, "src/client.py": {"executed_lines": [1, 8, 9, 10, 11, 12, 14, 15, 19, 50, 65, 73, 74, 75, 76, 79, 80, 81, 83, 84, 90, 91, 93, 95, 96, 98, 99, 100, 102, 104, 105, 107, 110, 111, 112, 118, 119, 123, 124, 129, 130, 131, 132, 133, 134, 138, 141, 142, 144, 145, 146, 149, 150, 151, 154, 155, 158, 159, 160, 161, 164, 165, 166, 167, 169, 171, 174, 175, 189, 190, 191, 193, 204, 205, 207, 208, 210, 211, 214, 217, 224, 230, 232, 234, 236, 238, 240, 242, 253, 254, 256, 258, 269, 270, 273, 277, 278, 282, 306, 308, 309, 310, 319, 322, 323, 324, 332, 334, 336, 345, 346, 347, 348, 351, 357, 368, 369, 376, 387, 389, 406, 408, 419, 421, 432, 434, 444, 446, 458, 459, 462, 466, 468, 469, 472, 477, 479, 485, 499, 503, 505, 519, 523, 525, 538, 539, 541, 554, 555, 557, 578, 581, 582, 583, 584, 586, 588, 602, 603, 604, 606, 608, 622, 623, 624, 626, 628, 642, 647, 649, 664, 665, 666, 694, 709, 710, 711, 739, 752, 756, 758, 772, 777, 779, 793, 798, 804, 806, 808, 810, 812, 820, 826, 828, 837, 838, 839, 840, 842, 844, 847, 849, 851, 857, 859, 865, 867, 868, 870, 872, 874, 897, 900, 901, 902, 904, 908, 910, 912, 914, 916, 920, 922, 924, 925, 927, 929, 931, 939, 940, 941, 942, 944, 947, 949, 951, 953, 955, 959, 965, 979, 980, 983, 984, 985, 986, 991, 992, 1005, 1010, 1011, 1014, 1015, 1016, 1018, 1021, 1023, 1030, 1031, 1032, 1046, 1067, 1069, 1071, 1073, 1075, 1077, 1079, 1081, 1083, 1087, 1089, 1091, 1095, 1099, 1103, 1110, 1111, 1112, 1113, 1116, 1118, 1120, 1122, 1129, 1130, 1131, 1132, 1135, 1137, 1139, 1141, 1148, 1149, 1150, 1151, 1154, 1156, 1158, 1161], "summary": {"covered_lines": 297, "num_statements": 400, "percent_covered": 74.25, "percent_covered_display": "74", "missing_lines": 103, "excluded_lines": 0, "percent_statements_covered": 74.25, "percent_statements_covered_display": "74"}, "missing_lines": [114, 136, 274, 280, 325, 327, 338, 359, 360, 361, 362, 364, 374, 463, 475, 667, 670, 672, 673, 677, 678, 679, 681, 684, 685, 687, 692, 712, 715, 717, 718, 722, 723, 724, 726, 729, 730, 732, 737, 841, 843, 845, 903, 905, 943, 945, 987, 988, 993, 994, 995, 996, 997, 998, 999, 1001, 1033, 1034, 1039, 1040, 1057, 1061, 1085, 1093, 1097, 1101, 1114, 1133, 1152, 1162, 1165, 1166, 1169, 1171, 1173, 1174, 1175, 1176, 1177, 1180, 1181, 1182, 1183, 1186, 1187, 1188, 1189, 1191, 1192, 1194, 1195, 1196, 1197, 1198, 1199, 1200, 1201, 1202, 1204, 1205, 1206, 1207, 1208], "excluded_lines": [], "functions": {"_parse_api_error": {"executed_lines": [65, 73, 74, 75, 76, 79, 80, 81, 83, 84, 90, 91, 93, 95, 96, 98, 99, 100, 102, 104, 105, 107, 110, 111, 112, 118, 119, 123, 124, 129, 130, 131, 132, 133, 134, 138], "summary": {"covered_lines": 36, "num_statements": 38, "percent_covered": 94.73684210526316, "percent_covered_display": "95", "missing_lines": 2, "excluded_lines": 0, "percent_statements_covered": 94.73684210526316, "percent_statements_covered_display": "95"}, "missing_lines": [114, 136], "excluded_lines": []}, "MealieAPIError.__init__": {"executed_lines": [145, 146, 149, 150, 151, 154, 155, 158, 159, 160, 161, 164, 165, 166, 167, 169, 171], "summary": {"covered_lines": 17, "num_statements": 17, "percent_covered": 100.0, "percent_covered_display": "100", "missing_lines": 0, "excluded_lines": 0, "percent_statements_covered": 100.0, "percent_statements_covered_display": "100"}, "missing_lines": [], "excluded_lines": []}, "MealieClient.__init__": {"executed_lines": [204, 205, 207, 208, 210, 211, 214, 217, 224], "summary": {"covered_lines": 9, "num_statements": 9, "percent_covered": 100.0, "percent_covered_display": "100", "missing_lines": 0, "excluded_lines": 0, "percent_statements_covered": 100.0, "percent_statements_covered_display": "100"}, "missing_lines": [], "excluded_lines": []}, "MealieClient.__enter__": {"executed_lines": [232], "summary": {"covered_lines": 1, "num_statements": 1, "percent_covered": 100.0, "percent_covered_display": "100", "missing_lines": 0, "excluded_lines": 0, "percent_statements_covered": 100.0, "percent_statements_covered_display": "100"}, "missing_lines": [], "excluded_lines": []}, "MealieClient.__exit__": {"executed_lines": [236], "summary": {"covered_lines": 1, "num_statements": 1, "percent_covered": 100.0, "percent_covered_display": "100", "missing_lines": 0, "excluded_lines": 0, "percent_statements_covered": 100.0, "percent_statements_covered_display": "100"}, "missing_lines": [], "excluded_lines": []}, "MealieClient.close": {"executed_lines": [240], "summary": {"covered_lines": 1, "num_statements": 1, "percent_covered": 100.0, "percent_covered_display": "100", "missing_lines": 0, "excluded_lines": 0, "percent_statements_covered": 100.0, "percent_statements_covered_display": "100"}, "missing_lines": [], "excluded_lines": []}, "MealieClient._build_url": {"executed_lines": [253, 254, 256], "summary": {"covered_lines": 3, "num_statements": 3, "percent_covered": 100.0, "percent_covered_display": "100", "missing_lines": 0, "excluded_lines": 0, "percent_statements_covered": 100.0, "percent_statements_covered_display": "100"}, "missing_lines": [], "excluded_lines": []}, "MealieClient._should_retry": {"executed_lines": [269, 270, 273, 277, 278], "summary": {"covered_lines": 5, "num_statements": 7, "percent_covered": 71.42857142857143, "percent_covered_display": "71", "missing_lines": 2, "excluded_lines": 0, "percent_statements_covered": 71.42857142857143, "percent_statements_covered_display": "71"}, "missing_lines": [274, 280], "excluded_lines": []}, "MealieClient._make_request": {"executed_lines": [306, 308, 309, 310, 319, 322, 323, 324, 332, 334, 336, 345, 346, 347, 348, 351, 357, 368, 369], "summary": {"covered_lines": 19, "num_statements": 28, "percent_covered": 67.85714285714286, "percent_covered_display": "68", "missing_lines": 9, "excluded_lines": 0, "percent_statements_covered": 67.85714285714286, "percent_statements_covered_display": "68"}, "missing_lines": [325, 327, 338, 359, 360, 361, 362, 364, 374], "excluded_lines": []}, "MealieClient.get": {"executed_lines": [387], "summary": {"covered_lines": 1, "num_statements": 1, "percent_covered": 100.0, "percent_covered_display": "100", "missing_lines": 0, "excluded_lines": 0, "percent_statements_covered": 100.0, "percent_statements_covered_display": "100"}, "missing_lines": [], "excluded_lines": []}, "MealieClient.post": {"executed_lines": [406], "summary": {"covered_lines": 1, "num_statements": 1, "percent_covered": 100.0, "percent_covered_display": "100", "missing_lines": 0, "excluded_lines": 0, "percent_statements_covered": 100.0, "percent_statements_covered_display": "100"}, "missing_lines": [], "excluded_lines": []}, "MealieClient.put": {"executed_lines": [419], "summary": {"covered_lines": 1, "num_statements": 1, "percent_covered": 100.0, "percent_covered_display": "100", "missing_lines": 0, "excluded_lines": 0, "percent_statements_covered": 100.0, "percent_statements_covered_display": "100"}, "missing_lines": [], "excluded_lines": []}, "MealieClient.patch": {"executed_lines": [432], "summary": {"covered_lines": 1, "num_statements": 1, "percent_covered": 100.0, "percent_covered_display": "100", "missing_lines": 0, "excluded_lines": 0, "percent_statements_covered": 100.0, "percent_statements_covered_display": "100"}, "missing_lines": [], "excluded_lines": []}, "MealieClient.delete": {"executed_lines": [444], "summary": {"covered_lines": 1, "num_statements": 1, "percent_covered": 100.0, "percent_covered_display": "100", "missing_lines": 0, "excluded_lines": 0, "percent_statements_covered": 100.0, "percent_statements_covered_display": "100"}, "missing_lines": [], "excluded_lines": []}, "MealieClient.test_connection": {"executed_lines": [458, 459, 462, 466, 468, 469, 472, 477, 479], "summary": {"covered_lines": 9, "num_statements": 11, "percent_covered": 81.81818181818181, "percent_covered_display": "82", "missing_lines": 2, "excluded_lines": 0, "percent_statements_covered": 81.81818181818181, "percent_statements_covered_display": "82"}, "missing_lines": [463, 475], "excluded_lines": []}, "MealieClient.parse_ingredient": {"executed_lines": [499, 503], "summary": {"covered_lines": 2, "num_statements": 2, "percent_covered": 100.0, "percent_covered_display": "100", "missing_lines": 0, "excluded_lines": 0, "percent_statements_covered": 100.0, "percent_statements_covered_display": "100"}, "missing_lines": [], "excluded_lines": []}, "MealieClient.parse_ingredients_batch": {"executed_lines": [519, 523], "summary": {"covered_lines": 2, "num_statements": 2, "percent_covered": 100.0, "percent_covered_display": "100", "missing_lines": 0, "excluded_lines": 0, "percent_statements_covered": 100.0, "percent_statements_covered_display": "100"}, "missing_lines": [], "excluded_lines": []}, "MealieClient.create_food": {"executed_lines": [538, 539], "summary": {"covered_lines": 2, "num_statements": 2, "percent_covered": 100.0, "percent_covered_display": "100", "missing_lines": 0, "excluded_lines": 0, "percent_statements_covered": 100.0, "percent_statements_covered_display": "100"}, "missing_lines": [], "excluded_lines": []}, "MealieClient.create_unit": {"executed_lines": [554, 555], "summary": {"covered_lines": 2, "num_statements": 2, "percent_covered": 100.0, "percent_covered_display": "100", "missing_lines": 0, "excluded_lines": 0, "percent_statements_covered": 100.0, "percent_statements_covered_display": "100"}, "missing_lines": [], "excluded_lines": []}, "MealieClient.update_recipe_ingredients": {"executed_lines": [578, 581, 582, 583, 584, 586], "summary": {"covered_lines": 6, "num_statements": 6, "percent_covered": 100.0, "percent_covered_display": "100", "missing_lines": 0, "excluded_lines": 0, "percent_statements_covered": 100.0, "percent_statements_covered_display": "100"}, "missing_lines": [], "excluded_lines": []}, "MealieClient.duplicate_recipe": {"executed_lines": [602, 603, 604, 606], "summary": {"covered_lines": 4, "num_statements": 4, "percent_covered": 100.0, "percent_covered_display": "100", "missing_lines": 0, "excluded_lines": 0, "percent_statements_covered": 100.0, "percent_statements_covered_display": "100"}, "missing_lines": [], "excluded_lines": []}, "MealieClient.update_recipe_last_made": {"executed_lines": [622, 623, 624, 626], "summary": {"covered_lines": 4, "num_statements": 4, "percent_covered": 100.0, "percent_covered_display": "100", "missing_lines": 0, "excluded_lines": 0, "percent_statements_covered": 100.0, "percent_statements_covered_display": "100"}, "missing_lines": [], "excluded_lines": []}, "MealieClient.create_recipes_from_urls_bulk": {"executed_lines": [642, 647], "summary": {"covered_lines": 2, "num_statements": 2, "percent_covered": 100.0, "percent_covered_display": "100", "missing_lines": 0, "excluded_lines": 0, "percent_statements_covered": 100.0, "percent_statements_covered_display": "100"}, "missing_lines": [], "excluded_lines": []}, "MealieClient.bulk_tag_recipes": {"executed_lines": [664, 665, 666], "summary": {"covered_lines": 3, "num_statements": 15, "percent_covered": 20.0, "percent_covered_display": "20", "missing_lines": 12, "excluded_lines": 0, "percent_statements_covered": 20.0, "percent_statements_covered_display": "20"}, "missing_lines": [667, 670, 672, 673, 677, 678, 679, 681, 684, 685, 687, 692], "excluded_lines": []}, "MealieClient.bulk_categorize_recipes": {"executed_lines": [709, 710, 711], "summary": {"covered_lines": 3, "num_statements": 15, "percent_covered": 20.0, "percent_covered_display": "20", "missing_lines": 12, "excluded_lines": 0, "percent_statements_covered": 20.0, "percent_statements_covered_display": "20"}, "missing_lines": [712, 715, 717, 718, 722, 723, 724, 726, 729, 730, 732, 737], "excluded_lines": []}, "MealieClient.bulk_delete_recipes": {"executed_lines": [752, 756], "summary": {"covered_lines": 2, "num_statements": 2, "percent_covered": 100.0, "percent_covered_display": "100", "missing_lines": 0, "excluded_lines": 0, "percent_statements_covered": 100.0, "percent_statements_covered_display": "100"}, "missing_lines": [], "excluded_lines": []}, "MealieClient.bulk_export_recipes": {"executed_lines": [772, 777], "summary": {"covered_lines": 2, "num_statements": 2, "percent_covered": 100.0, "percent_covered_display": "100", "missing_lines": 0, "excluded_lines": 0, "percent_statements_covered": 100.0, "percent_statements_covered_display": "100"}, "missing_lines": [], "excluded_lines": []}, "MealieClient.bulk_update_settings": {"executed_lines": [793, 798], "summary": {"covered_lines": 2, "num_statements": 2, "percent_covered": 100.0, "percent_covered_display": "100", "missing_lines": 0, "excluded_lines": 0, "percent_statements_covered": 100.0, "percent_statements_covered_display": "100"}, "missing_lines": [], "excluded_lines": []}, "MealieClient.list_mealplan_rules": {"executed_lines": [806], "summary": {"covered_lines": 1, "num_statements": 1, "percent_covered": 100.0, "percent_covered_display": "100", "missing_lines": 0, "excluded_lines": 0, "percent_statements_covered": 100.0, "percent_statements_covered_display": "100"}, "missing_lines": [], "excluded_lines": []}, "MealieClient.get_mealplan_rule": {"executed_lines": [810], "summary": {"covered_lines": 1, "num_statements": 1, "percent_covered": 100.0, "percent_covered_display": "100", "missing_lines": 0, "excluded_lines": 0, "percent_statements_covered": 100.0, "percent_statements_covered_display": "100"}, "missing_lines": [], "excluded_lines": []}, "MealieClient.create_mealplan_rule": {"executed_lines": [820, 826], "summary": {"covered_lines": 2, "num_statements": 2, "percent_covered": 100.0, "percent_covered_display": "100", "missing_lines": 0, "excluded_lines": 0, "percent_statements_covered": 100.0, "percent_statements_covered_display": "100"}, "missing_lines": [], "excluded_lines": []}, "MealieClient.update_mealplan_rule": {"executed_lines": [837, 838, 839, 840, 842, 844, 847], "summary": {"covered_lines": 7, "num_statements": 10, "percent_covered": 70.0, "percent_covered_display": "70", "missing_lines": 3, "excluded_lines": 0, "percent_statements_covered": 70.0, "percent_statements_covered_display": "70"}, "missing_lines": [841, 843, 845], "excluded_lines": []}, "MealieClient.delete_mealplan_rule": {"executed_lines": [851], "summary": {"covered_lines": 1, "num_statements": 1, "percent_covered": 100.0, "percent_covered_display": "100", "missing_lines": 0, "excluded_lines": 0, "percent_statements_covered": 100.0, "percent_statements_covered_display": "100"}, "missing_lines": [], "excluded_lines": []}, "MealieClient.delete_recipe_from_shopping_list": {"executed_lines": [859], "summary": {"covered_lines": 1, "num_statements": 1, "percent_covered": 100.0, "percent_covered_display": "100", "missing_lines": 0, "excluded_lines": 0, "percent_statements_covered": 100.0, "percent_statements_covered_display": "100"}, "missing_lines": [], "excluded_lines": []}, "MealieClient.list_foods": {"executed_lines": [867, 868], "summary": {"covered_lines": 2, "num_statements": 2, "percent_covered": 100.0, "percent_covered_display": "100", "missing_lines": 0, "excluded_lines": 0, "percent_statements_covered": 100.0, "percent_statements_covered_display": "100"}, "missing_lines": [], "excluded_lines": []}, "MealieClient.get_food": {"executed_lines": [872], "summary": {"covered_lines": 1, "num_statements": 1, "percent_covered": 100.0, "percent_covered_display": "100", "missing_lines": 0, "excluded_lines": 0, "percent_statements_covered": 100.0, "percent_statements_covered_display": "100"}, "missing_lines": [], "excluded_lines": []}, "MealieClient.update_food": {"executed_lines": [897, 900, 901, 902, 904, 908], "summary": {"covered_lines": 6, "num_statements": 8, "percent_covered": 75.0, "percent_covered_display": "75", "missing_lines": 2, "excluded_lines": 0, "percent_statements_covered": 75.0, "percent_statements_covered_display": "75"}, "missing_lines": [903, 905], "excluded_lines": []}, "MealieClient.delete_food": {"executed_lines": [912], "summary": {"covered_lines": 1, "num_statements": 1, "percent_covered": 100.0, "percent_covered_display": "100", "missing_lines": 0, "excluded_lines": 0, "percent_statements_covered": 100.0, "percent_statements_covered_display": "100"}, "missing_lines": [], "excluded_lines": []}, "MealieClient.merge_foods": {"executed_lines": [916, 920], "summary": {"covered_lines": 2, "num_statements": 2, "percent_covered": 100.0, "percent_covered_display": "100", "missing_lines": 0, "excluded_lines": 0, "percent_statements_covered": 100.0, "percent_statements_covered_display": "100"}, "missing_lines": [], "excluded_lines": []}, "MealieClient.list_units": {"executed_lines": [924, 925], "summary": {"covered_lines": 2, "num_statements": 2, "percent_covered": 100.0, "percent_covered_display": "100", "missing_lines": 0, "excluded_lines": 0, "percent_statements_covered": 100.0, "percent_statements_covered_display": "100"}, "missing_lines": [], "excluded_lines": []}, "MealieClient.get_unit": {"executed_lines": [929], "summary": {"covered_lines": 1, "num_statements": 1, "percent_covered": 100.0, "percent_covered_display": "100", "missing_lines": 0, "excluded_lines": 0, "percent_statements_covered": 100.0, "percent_statements_covered_display": "100"}, "missing_lines": [], "excluded_lines": []}, "MealieClient.update_unit": {"executed_lines": [939, 940, 941, 942, 944, 947], "summary": {"covered_lines": 6, "num_statements": 8, "percent_covered": 75.0, "percent_covered_display": "75", "missing_lines": 2, "excluded_lines": 0, "percent_statements_covered": 75.0, "percent_statements_covered_display": "75"}, "missing_lines": [943, 945], "excluded_lines": []}, "MealieClient.delete_unit": {"executed_lines": [951], "summary": {"covered_lines": 1, "num_statements": 1, "percent_covered": 100.0, "percent_covered_display": "100", "missing_lines": 0, "excluded_lines": 0, "percent_statements_covered": 100.0, "percent_statements_covered_display": "100"}, "missing_lines": [], "excluded_lines": []}, "MealieClient.merge_units": {"executed_lines": [955, 959], "summary": {"covered_lines": 2, "num_statements": 2, "percent_covered": 100.0, "percent_covered_display": "100", "missing_lines": 0, "excluded_lines": 0, "percent_statements_covered": 100.0, "percent_statements_covered_display": "100"}, "missing_lines": [], "excluded_lines": []}, "MealieClient.upload_recipe_image_from_url": {"executed_lines": [979, 980, 983, 984, 985, 986, 991, 992, 1005, 1010, 1011, 1014, 1015, 1016, 1018, 1021, 1023, 1030, 1031, 1032], "summary": {"covered_lines": 20, "num_statements": 34, "percent_covered": 58.8235294117647, "percent_covered_display": "59", "missing_lines": 14, "excluded_lines": 0, "percent_statements_covered": 58.8235294117647, "percent_statements_covered_display": "59"}, "missing_lines": [987, 988, 993, 994, 995, 996, 997, 998, 999, 1001, 1033, 1034, 1039, 1040], "excluded_lines": []}, "MealieClient.create_recipe_from_image": {"executed_lines": [], "summary": {"covered_lines": 0, "num_statements": 2, "percent_covered": 0.0, "percent_covered_display": "0", "missing_lines": 2, "excluded_lines": 0, "percent_statements_covered": 0.0, "percent_statements_covered_display": "0"}, "missing_lines": [1057, 1061], "excluded_lines": []}, "MealieClient.list_categories": {"executed_lines": [1069], "summary": {"covered_lines": 1, "num_statements": 1, "percent_covered": 100.0, "percent_covered_display": "100", "missing_lines": 0, "excluded_lines": 0, "percent_statements_covered": 100.0, "percent_statements_covered_display": "100"}, "missing_lines": [], "excluded_lines": []}, "MealieClient.list_tags": {"executed_lines": [1073], "summary": {"covered_lines": 1, "num_statements": 1, "percent_covered": 100.0, "percent_covered_display": "100", "missing_lines": 0, "excluded_lines": 0, "percent_statements_covered": 100.0, "percent_statements_covered_display": "100"}, "missing_lines": [], "excluded_lines": []}, "MealieClient.list_tools": {"executed_lines": [1077], "summary": {"covered_lines": 1, "num_statements": 1, "percent_covered": 100.0, "percent_covered_display": "100", "missing_lines": 0, "excluded_lines": 0, "percent_statements_covered": 100.0, "percent_statements_covered_display": "100"}, "missing_lines": [], "excluded_lines": []}, "MealieClient.create_category": {"executed_lines": [1081], "summary": {"covered_lines": 1, "num_statements": 1, "percent_covered": 100.0, "percent_covered_display": "100", "missing_lines": 0, "excluded_lines": 0, "percent_statements_covered": 100.0, "percent_statements_covered_display": "100"}, "missing_lines": [], "excluded_lines": []}, "MealieClient.get_category": {"executed_lines": [], "summary": {"covered_lines": 0, "num_statements": 1, "percent_covered": 0.0, "percent_covered_display": "0", "missing_lines": 1, "excluded_lines": 0, "percent_statements_covered": 0.0, "percent_statements_covered_display": "0"}, "missing_lines": [1085], "excluded_lines": []}, "MealieClient.create_tag": {"executed_lines": [1089], "summary": {"covered_lines": 1, "num_statements": 1, "percent_covered": 100.0, "percent_covered_display": "100", "missing_lines": 0, "excluded_lines": 0, "percent_statements_covered": 100.0, "percent_statements_covered_display": "100"}, "missing_lines": [], "excluded_lines": []}, "MealieClient.get_tag": {"executed_lines": [], "summary": {"covered_lines": 0, "num_statements": 1, "percent_covered": 0.0, "percent_covered_display": "0", "missing_lines": 1, "excluded_lines": 0, "percent_statements_covered": 0.0, "percent_statements_covered_display": "0"}, "missing_lines": [1093], "excluded_lines": []}, "MealieClient.create_tool": {"executed_lines": [], "summary": {"covered_lines": 0, "num_statements": 1, "percent_covered": 0.0, "percent_covered_display": "0", "missing_lines": 1, "excluded_lines": 0, "percent_statements_covered": 0.0, "percent_statements_covered_display": "0"}, "missing_lines": [1097], "excluded_lines": []}, "MealieClient.get_tool": {"executed_lines": [], "summary": {"covered_lines": 0, "num_statements": 1, "percent_covered": 0.0, "percent_covered_display": "0", "missing_lines": 1, "excluded_lines": 0, "percent_statements_covered": 0.0, "percent_statements_covered_display": "0"}, "missing_lines": [1101], "excluded_lines": []}, "MealieClient.update_category": {"executed_lines": [1110, 1111, 1112, 1113, 1116], "summary": {"covered_lines": 5, "num_statements": 6, "percent_covered": 83.33333333333333, "percent_covered_display": "83", "missing_lines": 1, "excluded_lines": 0, "percent_statements_covered": 83.33333333333333, "percent_statements_covered_display": "83"}, "missing_lines": [1114], "excluded_lines": []}, "MealieClient.delete_category": {"executed_lines": [1120], "summary": {"covered_lines": 1, "num_statements": 1, "percent_covered": 100.0, "percent_covered_display": "100", "missing_lines": 0, "excluded_lines": 0, "percent_statements_covered": 100.0, "percent_statements_covered_display": "100"}, "missing_lines": [], "excluded_lines": []}, "MealieClient.update_tag": {"executed_lines": [1129, 1130, 1131, 1132, 1135], "summary": {"covered_lines": 5, "num_statements": 6, "percent_covered": 83.33333333333333, "percent_covered_display": "83", "missing_lines": 1, "excluded_lines": 0, "percent_statements_covered": 83.33333333333333, "percent_statements_covered_display": "83"}, "missing_lines": [1133], "excluded_lines": []}, "MealieClient.delete_tag": {"executed_lines": [1139], "summary": {"covered_lines": 1, "num_statements": 1, "percent_covered": 100.0, "percent_covered_display": "100", "missing_lines": 0, "excluded_lines": 0, "percent_statements_covered": 100.0, "percent_statements_covered_display": "100"}, "missing_lines": [], "excluded_lines": []}, "MealieClient.update_tool": {"executed_lines": [1148, 1149, 1150, 1151, 1154], "summary": {"covered_lines": 5, "num_statements": 6, "percent_covered": 83.33333333333333, "percent_covered_display": "83", "missing_lines": 1, "excluded_lines": 0, "percent_statements_covered": 83.33333333333333, "percent_statements_covered_display": "83"}, "missing_lines": [1152], "excluded_lines": []}, "MealieClient.delete_tool": {"executed_lines": [1158], "summary": {"covered_lines": 1, "num_statements": 1, "percent_covered": 100.0, "percent_covered_display": "100", "missing_lines": 0, "excluded_lines": 0, "percent_statements_covered": 100.0, "percent_statements_covered_display": "100"}, "missing_lines": [], "excluded_lines": []}, "": {"executed_lines": [1, 8, 9, 10, 11, 12, 14, 15, 19, 50, 141, 142, 144, 174, 175, 189, 190, 191, 193, 230, 234, 238, 242, 258, 282, 376, 389, 408, 421, 434, 446, 485, 505, 525, 541, 557, 588, 608, 628, 649, 694, 739, 758, 779, 804, 808, 812, 828, 849, 857, 865, 870, 874, 910, 914, 922, 927, 931, 949, 953, 965, 1046, 1067, 1071, 1075, 1079, 1083, 1087, 1091, 1095, 1099, 1103, 1118, 1122, 1137, 1141, 1156, 1161], "summary": {"covered_lines": 75, "num_statements": 109, "percent_covered": 68.80733944954129, "percent_covered_display": "69", "missing_lines": 34, "excluded_lines": 0, "percent_statements_covered": 68.80733944954129, "percent_statements_covered_display": "69"}, "missing_lines": [1162, 1165, 1166, 1169, 1171, 1173, 1174, 1175, 1176, 1177, 1180, 1181, 1182, 1183, 1186, 1187, 1188, 1189, 1191, 1192, 1194, 1195, 1196, 1197, 1198, 1199, 1200, 1201, 1202, 1204, 1205, 1206, 1207, 1208], "excluded_lines": []}}, "classes": {"MealieAPIError": {"executed_lines": [145, 146, 149, 150, 151, 154, 155, 158, 159, 160, 161, 164, 165, 166, 167, 169, 171], "summary": {"covered_lines": 17, "num_statements": 17, "percent_covered": 100.0, "percent_covered_display": "100", "missing_lines": 0, "excluded_lines": 0, "percent_statements_covered": 100.0, "percent_statements_covered_display": "100"}, "missing_lines": [], "excluded_lines": []}, "MealieClient": {"executed_lines": [204, 205, 207, 208, 210, 211, 214, 217, 224, 232, 236, 240, 253, 254, 256, 269, 270, 273, 277, 278, 306, 308, 309, 310, 319, 322, 323, 324, 332, 334, 336, 345, 346, 347, 348, 351, 357, 368, 369, 387, 406, 419, 432, 444, 458, 459, 462, 466, 468, 469, 472, 477, 479, 499, 503, 519, 523, 538, 539, 554, 555, 578, 581, 582, 583, 584, 586, 602, 603, 604, 606, 622, 623, 624, 626, 642, 647, 664, 665, 666, 709, 710, 711, 752, 756, 772, 777, 793, 798, 806, 810, 820, 826, 837, 838, 839, 840, 842, 844, 847, 851, 859, 867, 868, 872, 897, 900, 901, 902, 904, 908, 912, 916, 920, 924, 925, 929, 939, 940, 941, 942, 944, 947, 951, 955, 959, 979, 980, 983, 984, 985, 986, 991, 992, 1005, 1010, 1011, 1014, 1015, 1016, 1018, 1021, 1023, 1030, 1031, 1032, 1069, 1073, 1077, 1081, 1089, 1110, 1111, 1112, 1113, 1116, 1120, 1129, 1130, 1131, 1132, 1135, 1139, 1148, 1149, 1150, 1151, 1154, 1158], "summary": {"covered_lines": 169, "num_statements": 236, "percent_covered": 71.61016949152543, "percent_covered_display": "72", "missing_lines": 67, "excluded_lines": 0, "percent_statements_covered": 71.61016949152543, "percent_statements_covered_display": "72"}, "missing_lines": [274, 280, 325, 327, 338, 359, 360, 361, 362, 364, 374, 463, 475, 667, 670, 672, 673, 677, 678, 679, 681, 684, 685, 687, 692, 712, 715, 717, 718, 722, 723, 724, 726, 729, 730, 732, 737, 841, 843, 845, 903, 905, 943, 945, 987, 988, 993, 994, 995, 996, 997, 998, 999, 1001, 1033, 1034, 1039, 1040, 1057, 1061, 1085, 1093, 1097, 1101, 1114, 1133, 1152], "excluded_lines": []}, "": {"executed_lines": [1, 8, 9, 10, 11, 12, 14, 15, 19, 50, 65, 73, 74, 75, 76, 79, 80, 81, 83, 84, 90, 91, 93, 95, 96, 98, 99, 100, 102, 104, 105, 107, 110, 111, 112, 118, 119, 123, 124, 129, 130, 131, 132, 133, 134, 138, 141, 142, 144, 174, 175, 189, 190, 191, 193, 230, 234, 238, 242, 258, 282, 376, 389, 408, 421, 434, 446, 485, 505, 525, 541, 557, 588, 608, 628, 649, 694, 739, 758, 779, 804, 808, 812, 828, 849, 857, 865, 870, 874, 910, 914, 922, 927, 931, 949, 953, 965, 1046, 1067, 1071, 1075, 1079, 1083, 1087, 1091, 1095, 1099, 1103, 1118, 1122, 1137, 1141, 1156, 1161], "summary": {"covered_lines": 111, "num_statements": 147, "percent_covered": 75.51020408163265, "percent_covered_display": "76", "missing_lines": 36, "excluded_lines": 0, "percent_statements_covered": 75.51020408163265, "percent_statements_covered_display": "76"}, "missing_lines": [114, 136, 1162, 1165, 1166, 1169, 1171, 1173, 1174, 1175, 1176, 1177, 1180, 1181, 1182, 1183, 1186, 1187, 1188, 1189, 1191, 1192, 1194, 1195, 1196, 1197, 1198, 1199, 1200, 1201, 1202, 1204, 1205, 1206, 1207, 1208], "excluded_lines": []}}}, "src/resources/__init__.py": {"executed_lines": [1, 8, 9, 10, 12], "summary": {"covered_lines": 4, "num_statements": 4, "percent_covered": 100.0, "percent_covered_display": "100", "missing_lines": 0, "excluded_lines": 0, "percent_statements_covered": 100.0, "percent_statements_covered_display": "100"}, "missing_lines": [], "excluded_lines": [], "functions": {"": {"executed_lines": [1, 8, 9, 10, 12], "summary": {"covered_lines": 4, "num_statements": 4, "percent_covered": 100.0, "percent_covered_display": "100", "missing_lines": 0, "excluded_lines": 0, "percent_statements_covered": 100.0, "percent_statements_covered_display": "100"}, "missing_lines": [], "excluded_lines": []}}, "classes": {"": {"executed_lines": [1, 8, 9, 10, 12], "summary": {"covered_lines": 4, "num_statements": 4, "percent_covered": 100.0, "percent_covered_display": "100", "missing_lines": 0, "excluded_lines": 0, "percent_statements_covered": 100.0, "percent_statements_covered_display": "100"}, "missing_lines": [], "excluded_lines": []}}}, "src/resources/mealplans.py": {"executed_lines": [1, 7, 8, 11, 12, 13, 15, 16, 17, 18, 21, 147, 267], "summary": {"covered_lines": 12, "num_statements": 184, "percent_covered": 6.521739130434782, "percent_covered_display": "7", "missing_lines": 172, "excluded_lines": 0, "percent_statements_covered": 6.521739130434782, "percent_statements_covered_display": "7"}, "missing_lines": [30, 31, 34, 35, 36, 39, 44, 47, 48, 49, 52, 53, 54, 55, 56, 57, 58, 59, 62, 63, 64, 65, 68, 69, 71, 73, 76, 78, 80, 81, 82, 83, 84, 85, 88, 89, 90, 91, 92, 94, 95, 96, 97, 98, 99, 100, 102, 105, 106, 107, 109, 112, 113, 114, 115, 116, 118, 119, 120, 121, 122, 123, 124, 126, 128, 129, 130, 132, 134, 135, 137, 139, 141, 142, 143, 144, 156, 157, 160, 163, 165, 168, 170, 171, 172, 175, 176, 179, 180, 181, 182, 183, 184, 187, 188, 189, 190, 191, 193, 194, 195, 196, 197, 198, 199, 201, 202, 204, 205, 206, 209, 210, 211, 213, 214, 215, 216, 217, 218, 219, 220, 221, 223, 225, 228, 229, 230, 232, 235, 236, 237, 238, 239, 241, 242, 243, 244, 245, 246, 247, 248, 249, 251, 253, 254, 255, 257, 259, 261, 262, 263, 264, 268, 269, 270, 273, 275, 277, 279, 280, 281, 284, 285, 286, 287, 288, 289, 292, 293, 294, 295, 296], "excluded_lines": [], "functions": {"get_current_mealplan": {"executed_lines": [], "summary": {"covered_lines": 0, "num_statements": 76, "percent_covered": 0.0, "percent_covered_display": "0", "missing_lines": 76, "excluded_lines": 0, "percent_statements_covered": 0.0, "percent_statements_covered_display": "0"}, "missing_lines": [30, 31, 34, 35, 36, 39, 44, 47, 48, 49, 52, 53, 54, 55, 56, 57, 58, 59, 62, 63, 64, 65, 68, 69, 71, 73, 76, 78, 80, 81, 82, 83, 84, 85, 88, 89, 90, 91, 92, 94, 95, 96, 97, 98, 99, 100, 102, 105, 106, 107, 109, 112, 113, 114, 115, 116, 118, 119, 120, 121, 122, 123, 124, 126, 128, 129, 130, 132, 134, 135, 137, 139, 141, 142, 143, 144], "excluded_lines": []}, "get_today_meals": {"executed_lines": [], "summary": {"covered_lines": 0, "num_statements": 76, "percent_covered": 0.0, "percent_covered_display": "0", "missing_lines": 76, "excluded_lines": 0, "percent_statements_covered": 0.0, "percent_statements_covered_display": "0"}, "missing_lines": [156, 157, 160, 163, 165, 168, 170, 171, 172, 175, 176, 179, 180, 181, 182, 183, 184, 187, 188, 189, 190, 191, 193, 194, 195, 196, 197, 198, 199, 201, 202, 204, 205, 206, 209, 210, 211, 213, 214, 215, 216, 217, 218, 219, 220, 221, 223, 225, 228, 229, 230, 232, 235, 236, 237, 238, 239, 241, 242, 243, 244, 245, 246, 247, 248, 249, 251, 253, 254, 255, 257, 259, 261, 262, 263, 264], "excluded_lines": []}, "": {"executed_lines": [1, 7, 8, 11, 12, 13, 15, 16, 17, 18, 21, 147, 267], "summary": {"covered_lines": 12, "num_statements": 32, "percent_covered": 37.5, "percent_covered_display": "38", "missing_lines": 20, "excluded_lines": 0, "percent_statements_covered": 37.5, "percent_statements_covered_display": "38"}, "missing_lines": [268, 269, 270, 273, 275, 277, 279, 280, 281, 284, 285, 286, 287, 288, 289, 292, 293, 294, 295, 296], "excluded_lines": []}}, "classes": {"": {"executed_lines": [1, 7, 8, 11, 12, 13, 15, 16, 17, 18, 21, 147, 267], "summary": {"covered_lines": 12, "num_statements": 184, "percent_covered": 6.521739130434782, "percent_covered_display": "7", "missing_lines": 172, "excluded_lines": 0, "percent_statements_covered": 6.521739130434782, "percent_statements_covered_display": "7"}, "missing_lines": [30, 31, 34, 35, 36, 39, 44, 47, 48, 49, 52, 53, 54, 55, 56, 57, 58, 59, 62, 63, 64, 65, 68, 69, 71, 73, 76, 78, 80, 81, 82, 83, 84, 85, 88, 89, 90, 91, 92, 94, 95, 96, 97, 98, 99, 100, 102, 105, 106, 107, 109, 112, 113, 114, 115, 116, 118, 119, 120, 121, 122, 123, 124, 126, 128, 129, 130, 132, 134, 135, 137, 139, 141, 142, 143, 144, 156, 157, 160, 163, 165, 168, 170, 171, 172, 175, 176, 179, 180, 181, 182, 183, 184, 187, 188, 189, 190, 191, 193, 194, 195, 196, 197, 198, 199, 201, 202, 204, 205, 206, 209, 210, 211, 213, 214, 215, 216, 217, 218, 219, 220, 221, 223, 225, 228, 229, 230, 232, 235, 236, 237, 238, 239, 241, 242, 243, 244, 245, 246, 247, 248, 249, 251, 253, 254, 255, 257, 259, 261, 262, 263, 264, 268, 269, 270, 273, 275, 277, 279, 280, 281, 284, 285, 286, 287, 288, 289, 292, 293, 294, 295, 296], "excluded_lines": []}}}, "src/resources/recipes.py": {"executed_lines": [1, 7, 10, 11, 12, 14, 15, 16, 17, 20, 138, 327], "summary": {"covered_lines": 11, "num_statements": 235, "percent_covered": 4.680851063829787, "percent_covered_display": "5", "missing_lines": 224, "excluded_lines": 0, "percent_statements_covered": 4.680851063829787, "percent_statements_covered_display": "5"}, "missing_lines": [29, 30, 33, 34, 35, 37, 38, 45, 46, 48, 49, 50, 52, 55, 56, 57, 59, 61, 64, 65, 67, 68, 69, 70, 71, 73, 74, 76, 77, 78, 79, 81, 84, 85, 86, 89, 90, 91, 92, 94, 95, 96, 97, 100, 101, 102, 103, 104, 106, 108, 111, 112, 113, 115, 116, 117, 118, 120, 121, 122, 123, 124, 126, 128, 130, 132, 133, 134, 135, 150, 151, 152, 153, 155, 156, 159, 162, 163, 164, 167, 168, 169, 170, 173, 174, 176, 177, 178, 179, 180, 182, 183, 184, 185, 186, 188, 189, 190, 192, 193, 194, 196, 197, 198, 200, 201, 202, 204, 207, 208, 209, 210, 212, 213, 215, 216, 217, 218, 219, 220, 221, 222, 224, 225, 226, 227, 230, 232, 235, 236, 237, 238, 240, 241, 242, 243, 245, 246, 247, 249, 250, 252, 254, 256, 259, 260, 261, 262, 264, 265, 266, 268, 269, 270, 272, 273, 274, 276, 277, 278, 280, 281, 282, 284, 285, 286, 288, 291, 292, 293, 294, 296, 297, 298, 299, 301, 302, 303, 305, 307, 309, 312, 313, 314, 315, 316, 317, 319, 321, 322, 323, 324, 328, 329, 330, 333, 335, 336, 338, 340, 341, 342, 345, 346, 347, 348, 349, 352, 353, 355, 356, 357, 358, 359, 360, 361, 362, 363, 364, 366, 368, 369, 370, 372], "excluded_lines": [], "functions": {"get_recipes_list": {"executed_lines": [], "summary": {"covered_lines": 0, "num_statements": 69, "percent_covered": 0.0, "percent_covered_display": "0", "missing_lines": 69, "excluded_lines": 0, "percent_statements_covered": 0.0, "percent_statements_covered_display": "0"}, "missing_lines": [29, 30, 33, 34, 35, 37, 38, 45, 46, 48, 49, 50, 52, 55, 56, 57, 59, 61, 64, 65, 67, 68, 69, 70, 71, 73, 74, 76, 77, 78, 79, 81, 84, 85, 86, 89, 90, 91, 92, 94, 95, 96, 97, 100, 101, 102, 103, 104, 106, 108, 111, 112, 113, 115, 116, 117, 118, 120, 121, 122, 123, 124, 126, 128, 130, 132, 133, 134, 135], "excluded_lines": []}, "get_recipe_detail": {"executed_lines": [], "summary": {"covered_lines": 0, "num_statements": 123, "percent_covered": 0.0, "percent_covered_display": "0", "missing_lines": 123, "excluded_lines": 0, "percent_statements_covered": 0.0, "percent_statements_covered_display": "0"}, "missing_lines": [150, 151, 152, 153, 155, 156, 159, 162, 163, 164, 167, 168, 169, 170, 173, 174, 176, 177, 178, 179, 180, 182, 183, 184, 185, 186, 188, 189, 190, 192, 193, 194, 196, 197, 198, 200, 201, 202, 204, 207, 208, 209, 210, 212, 213, 215, 216, 217, 218, 219, 220, 221, 222, 224, 225, 226, 227, 230, 232, 235, 236, 237, 238, 240, 241, 242, 243, 245, 246, 247, 249, 250, 252, 254, 256, 259, 260, 261, 262, 264, 265, 266, 268, 269, 270, 272, 273, 274, 276, 277, 278, 280, 281, 282, 284, 285, 286, 288, 291, 292, 293, 294, 296, 297, 298, 299, 301, 302, 303, 305, 307, 309, 312, 313, 314, 315, 316, 317, 319, 321, 322, 323, 324], "excluded_lines": []}, "": {"executed_lines": [1, 7, 10, 11, 12, 14, 15, 16, 17, 20, 138, 327], "summary": {"covered_lines": 11, "num_statements": 43, "percent_covered": 25.58139534883721, "percent_covered_display": "26", "missing_lines": 32, "excluded_lines": 0, "percent_statements_covered": 25.58139534883721, "percent_statements_covered_display": "26"}, "missing_lines": [328, 329, 330, 333, 335, 336, 338, 340, 341, 342, 345, 346, 347, 348, 349, 352, 353, 355, 356, 357, 358, 359, 360, 361, 362, 363, 364, 366, 368, 369, 370, 372], "excluded_lines": []}}, "classes": {"": {"executed_lines": [1, 7, 10, 11, 12, 14, 15, 16, 17, 20, 138, 327], "summary": {"covered_lines": 11, "num_statements": 235, "percent_covered": 4.680851063829787, "percent_covered_display": "5", "missing_lines": 224, "excluded_lines": 0, "percent_statements_covered": 4.680851063829787, "percent_statements_covered_display": "5"}, "missing_lines": [29, 30, 33, 34, 35, 37, 38, 45, 46, 48, 49, 50, 52, 55, 56, 57, 59, 61, 64, 65, 67, 68, 69, 70, 71, 73, 74, 76, 77, 78, 79, 81, 84, 85, 86, 89, 90, 91, 92, 94, 95, 96, 97, 100, 101, 102, 103, 104, 106, 108, 111, 112, 113, 115, 116, 117, 118, 120, 121, 122, 123, 124, 126, 128, 130, 132, 133, 134, 135, 150, 151, 152, 153, 155, 156, 159, 162, 163, 164, 167, 168, 169, 170, 173, 174, 176, 177, 178, 179, 180, 182, 183, 184, 185, 186, 188, 189, 190, 192, 193, 194, 196, 197, 198, 200, 201, 202, 204, 207, 208, 209, 210, 212, 213, 215, 216, 217, 218, 219, 220, 221, 222, 224, 225, 226, 227, 230, 232, 235, 236, 237, 238, 240, 241, 242, 243, 245, 246, 247, 249, 250, 252, 254, 256, 259, 260, 261, 262, 264, 265, 266, 268, 269, 270, 272, 273, 274, 276, 277, 278, 280, 281, 282, 284, 285, 286, 288, 291, 292, 293, 294, 296, 297, 298, 299, 301, 302, 303, 305, 307, 309, 312, 313, 314, 315, 316, 317, 319, 321, 322, 323, 324, 328, 329, 330, 333, 335, 336, 338, 340, 341, 342, 345, 346, 347, 348, 349, 352, 353, 355, 356, 357, 358, 359, 360, 361, 362, 363, 364, 366, 368, 369, 370, 372], "excluded_lines": []}}}, "src/resources/shopping.py": {"executed_lines": [1, 7, 10, 11, 12, 14, 15, 16, 17, 20, 182, 323], "summary": {"covered_lines": 11, "num_statements": 241, "percent_covered": 4.564315352697095, "percent_covered_display": "5", "missing_lines": 230, "excluded_lines": 0, "percent_statements_covered": 4.564315352697095, "percent_statements_covered_display": "5"}, "missing_lines": [29, 30, 33, 35, 38, 41, 42, 43, 44, 45, 46, 48, 50, 51, 52, 54, 55, 58, 59, 60, 62, 63, 66, 67, 69, 70, 71, 72, 75, 77, 78, 81, 82, 84, 85, 88, 89, 90, 92, 93, 94, 95, 96, 97, 98, 101, 103, 105, 108, 109, 110, 111, 112, 113, 114, 115, 116, 117, 118, 120, 122, 124, 125, 127, 130, 131, 132, 134, 135, 136, 137, 138, 139, 140, 143, 145, 146, 148, 149, 150, 151, 152, 153, 154, 155, 156, 157, 158, 160, 162, 164, 165, 167, 169, 170, 171, 172, 174, 176, 177, 178, 179, 194, 195, 196, 197, 199, 200, 203, 206, 207, 208, 211, 212, 214, 215, 216, 217, 219, 222, 224, 226, 227, 229, 230, 233, 234, 235, 237, 238, 239, 240, 241, 242, 243, 246, 248, 249, 251, 252, 253, 254, 255, 256, 257, 258, 259, 260, 261, 263, 265, 267, 268, 270, 273, 274, 275, 277, 278, 279, 280, 281, 282, 283, 286, 288, 289, 291, 292, 293, 294, 295, 296, 297, 298, 299, 300, 301, 303, 305, 307, 308, 310, 312, 313, 315, 317, 318, 319, 320, 324, 325, 326, 329, 331, 332, 334, 336, 337, 338, 341, 342, 343, 344, 345, 346, 349, 350, 351, 352, 353, 356, 357, 358, 359, 360, 361, 363, 365, 366, 367, 368, 369, 370, 371, 373, 375, 376, 377, 379], "excluded_lines": [], "functions": {"get_shopping_lists": {"executed_lines": [], "summary": {"covered_lines": 0, "num_statements": 102, "percent_covered": 0.0, "percent_covered_display": "0", "missing_lines": 102, "excluded_lines": 0, "percent_statements_covered": 0.0, "percent_statements_covered_display": "0"}, "missing_lines": [29, 30, 33, 35, 38, 41, 42, 43, 44, 45, 46, 48, 50, 51, 52, 54, 55, 58, 59, 60, 62, 63, 66, 67, 69, 70, 71, 72, 75, 77, 78, 81, 82, 84, 85, 88, 89, 90, 92, 93, 94, 95, 96, 97, 98, 101, 103, 105, 108, 109, 110, 111, 112, 113, 114, 115, 116, 117, 118, 120, 122, 124, 125, 127, 130, 131, 132, 134, 135, 136, 137, 138, 139, 140, 143, 145, 146, 148, 149, 150, 151, 152, 153, 154, 155, 156, 157, 158, 160, 162, 164, 165, 167, 169, 170, 171, 172, 174, 176, 177, 178, 179], "excluded_lines": []}, "get_shopping_list_detail": {"executed_lines": [], "summary": {"covered_lines": 0, "num_statements": 88, "percent_covered": 0.0, "percent_covered_display": "0", "missing_lines": 88, "excluded_lines": 0, "percent_statements_covered": 0.0, "percent_statements_covered_display": "0"}, "missing_lines": [194, 195, 196, 197, 199, 200, 203, 206, 207, 208, 211, 212, 214, 215, 216, 217, 219, 222, 224, 226, 227, 229, 230, 233, 234, 235, 237, 238, 239, 240, 241, 242, 243, 246, 248, 249, 251, 252, 253, 254, 255, 256, 257, 258, 259, 260, 261, 263, 265, 267, 268, 270, 273, 274, 275, 277, 278, 279, 280, 281, 282, 283, 286, 288, 289, 291, 292, 293, 294, 295, 296, 297, 298, 299, 300, 301, 303, 305, 307, 308, 310, 312, 313, 315, 317, 318, 319, 320], "excluded_lines": []}, "": {"executed_lines": [1, 7, 10, 11, 12, 14, 15, 16, 17, 20, 182, 323], "summary": {"covered_lines": 11, "num_statements": 51, "percent_covered": 21.568627450980394, "percent_covered_display": "22", "missing_lines": 40, "excluded_lines": 0, "percent_statements_covered": 21.568627450980394, "percent_statements_covered_display": "22"}, "missing_lines": [324, 325, 326, 329, 331, 332, 334, 336, 337, 338, 341, 342, 343, 344, 345, 346, 349, 350, 351, 352, 353, 356, 357, 358, 359, 360, 361, 363, 365, 366, 367, 368, 369, 370, 371, 373, 375, 376, 377, 379], "excluded_lines": []}}, "classes": {"": {"executed_lines": [1, 7, 10, 11, 12, 14, 15, 16, 17, 20, 182, 323], "summary": {"covered_lines": 11, "num_statements": 241, "percent_covered": 4.564315352697095, "percent_covered_display": "5", "missing_lines": 230, "excluded_lines": 0, "percent_statements_covered": 4.564315352697095, "percent_statements_covered_display": "5"}, "missing_lines": [29, 30, 33, 35, 38, 41, 42, 43, 44, 45, 46, 48, 50, 51, 52, 54, 55, 58, 59, 60, 62, 63, 66, 67, 69, 70, 71, 72, 75, 77, 78, 81, 82, 84, 85, 88, 89, 90, 92, 93, 94, 95, 96, 97, 98, 101, 103, 105, 108, 109, 110, 111, 112, 113, 114, 115, 116, 117, 118, 120, 122, 124, 125, 127, 130, 131, 132, 134, 135, 136, 137, 138, 139, 140, 143, 145, 146, 148, 149, 150, 151, 152, 153, 154, 155, 156, 157, 158, 160, 162, 164, 165, 167, 169, 170, 171, 172, 174, 176, 177, 178, 179, 194, 195, 196, 197, 199, 200, 203, 206, 207, 208, 211, 212, 214, 215, 216, 217, 219, 222, 224, 226, 227, 229, 230, 233, 234, 235, 237, 238, 239, 240, 241, 242, 243, 246, 248, 249, 251, 252, 253, 254, 255, 256, 257, 258, 259, 260, 261, 263, 265, 267, 268, 270, 273, 274, 275, 277, 278, 279, 280, 281, 282, 283, 286, 288, 289, 291, 292, 293, 294, 295, 296, 297, 298, 299, 300, 301, 303, 305, 307, 308, 310, 312, 313, 315, 317, 318, 319, 320, 324, 325, 326, 329, 331, 332, 334, 336, 337, 338, 341, 342, 343, 344, 345, 346, 349, 350, 351, 352, 353, 356, 357, 358, 359, 360, 361, 363, 365, 366, 367, 368, 369, 370, 371, 373, 375, 376, 377, 379], "excluded_lines": []}}}, "src/server.py": {"executed_lines": [1, 8, 9, 10, 11, 14, 16, 17], "summary": {"covered_lines": 7, "num_statements": 293, "percent_covered": 2.3890784982935154, "percent_covered_display": "2", "missing_lines": 286, "excluded_lines": 0, "percent_statements_covered": 2.3890784982935154, "percent_statements_covered_display": "2"}, "missing_lines": [20, 23, 43, 61, 75, 79, 91, 110, 111, 112, 115, 126, 127, 129, 131, 132, 133, 134, 135, 136, 137, 138, 145, 146, 163, 166, 167, 176, 179, 180, 190, 197, 198, 227, 241, 242, 252, 255, 256, 291, 308, 309, 350, 356, 357, 366, 369, 370, 380, 383, 384, 394, 397, 398, 408, 411, 412, 422, 425, 426, 436, 439, 440, 449, 452, 453, 463, 466, 467, 477, 480, 481, 491, 494, 495, 514, 521, 522, 535, 538, 539, 545, 548, 549, 558, 561, 562, 571, 574, 575, 594, 603, 604, 625, 635, 636, 645, 648, 649, 655, 658, 659, 688, 691, 692, 712, 715, 716, 746, 749, 750, 756, 759, 760, 769, 772, 773, 790, 793, 794, 813, 822, 823, 832, 839, 840, 846, 849, 850, 859, 862, 863, 872, 875, 876, 885, 888, 889, 910, 920, 921, 934, 937, 938, 951, 954, 955, 964, 967, 968, 983, 986, 987, 1005, 1012, 1013, 1022, 1025, 1026, 1036, 1043, 1044, 1054, 1057, 1058, 1067, 1070, 1071, 1088, 1091, 1092, 1101, 1104, 1105, 1115, 1118, 1119, 1129, 1132, 1133, 1142, 1145, 1146, 1163, 1166, 1167, 1176, 1179, 1180, 1190, 1197, 1198, 1204, 1207, 1208, 1217, 1220, 1221, 1230, 1233, 1234, 1249, 1252, 1253, 1262, 1265, 1266, 1272, 1275, 1276, 1285, 1288, 1289, 1298, 1301, 1302, 1317, 1320, 1321, 1330, 1333, 1334, 1340, 1343, 1344, 1353, 1356, 1357, 1366, 1369, 1370, 1385, 1388, 1389, 1398, 1405, 1406, 1431, 1434, 1435, 1455, 1462, 1463, 1465, 1468, 1469, 1471, 1474, 1475, 1477, 1480, 1481, 1483, 1486, 1487, 1489, 1491, 1492, 1493, 1495, 1496, 1498, 1500, 1501, 1502, 1504, 1505, 1506, 1507, 1508, 1509, 1510, 1511, 1512, 1513, 1514, 1515, 1517, 1520, 1521, 1523, 1526, 1527, 1529, 1536, 1537], "excluded_lines": [], "functions": {"ping": {"executed_lines": [], "summary": {"covered_lines": 0, "num_statements": 9, "percent_covered": 0.0, "percent_covered_display": "0", "missing_lines": 9, "excluded_lines": 0, "percent_statements_covered": 0.0, "percent_statements_covered_display": "0"}, "missing_lines": [129, 131, 132, 133, 134, 135, 136, 137, 138], "excluded_lines": []}, "mealie_recipes_search": {"executed_lines": [], "summary": {"covered_lines": 0, "num_statements": 1, "percent_covered": 0.0, "percent_covered_display": "0", "missing_lines": 1, "excluded_lines": 0, "percent_statements_covered": 0.0, "percent_statements_covered_display": "0"}, "missing_lines": [163], "excluded_lines": []}, "mealie_recipes_get": {"executed_lines": [], "summary": {"covered_lines": 0, "num_statements": 1, "percent_covered": 0.0, "percent_covered_display": "0", "missing_lines": 1, "excluded_lines": 0, "percent_statements_covered": 0.0, "percent_statements_covered_display": "0"}, "missing_lines": [176], "excluded_lines": []}, "mealie_recipes_list": {"executed_lines": [], "summary": {"covered_lines": 0, "num_statements": 1, "percent_covered": 0.0, "percent_covered_display": "0", "missing_lines": 1, "excluded_lines": 0, "percent_statements_covered": 0.0, "percent_statements_covered_display": "0"}, "missing_lines": [190], "excluded_lines": []}, "mealie_recipes_create": {"executed_lines": [], "summary": {"covered_lines": 0, "num_statements": 1, "percent_covered": 0.0, "percent_covered_display": "0", "missing_lines": 1, "excluded_lines": 0, "percent_statements_covered": 0.0, "percent_statements_covered_display": "0"}, "missing_lines": [227], "excluded_lines": []}, "mealie_recipes_create_from_url": {"executed_lines": [], "summary": {"covered_lines": 0, "num_statements": 1, "percent_covered": 0.0, "percent_covered_display": "0", "missing_lines": 1, "excluded_lines": 0, "percent_statements_covered": 0.0, "percent_statements_covered_display": "0"}, "missing_lines": [252], "excluded_lines": []}, "mealie_recipes_update": {"executed_lines": [], "summary": {"covered_lines": 0, "num_statements": 1, "percent_covered": 0.0, "percent_covered_display": "0", "missing_lines": 1, "excluded_lines": 0, "percent_statements_covered": 0.0, "percent_statements_covered_display": "0"}, "missing_lines": [291], "excluded_lines": []}, "mealie_recipes_update_structured_ingredients": {"executed_lines": [], "summary": {"covered_lines": 0, "num_statements": 1, "percent_covered": 0.0, "percent_covered_display": "0", "missing_lines": 1, "excluded_lines": 0, "percent_statements_covered": 0.0, "percent_statements_covered_display": "0"}, "missing_lines": [350], "excluded_lines": []}, "mealie_recipes_delete": {"executed_lines": [], "summary": {"covered_lines": 0, "num_statements": 1, "percent_covered": 0.0, "percent_covered_display": "0", "missing_lines": 1, "excluded_lines": 0, "percent_statements_covered": 0.0, "percent_statements_covered_display": "0"}, "missing_lines": [366], "excluded_lines": []}, "mealie_recipes_duplicate": {"executed_lines": [], "summary": {"covered_lines": 0, "num_statements": 1, "percent_covered": 0.0, "percent_covered_display": "0", "missing_lines": 1, "excluded_lines": 0, "percent_statements_covered": 0.0, "percent_statements_covered_display": "0"}, "missing_lines": [380], "excluded_lines": []}, "mealie_recipes_update_last_made": {"executed_lines": [], "summary": {"covered_lines": 0, "num_statements": 1, "percent_covered": 0.0, "percent_covered_display": "0", "missing_lines": 1, "excluded_lines": 0, "percent_statements_covered": 0.0, "percent_statements_covered_display": "0"}, "missing_lines": [394], "excluded_lines": []}, "mealie_recipes_create_from_urls_bulk": {"executed_lines": [], "summary": {"covered_lines": 0, "num_statements": 1, "percent_covered": 0.0, "percent_covered_display": "0", "missing_lines": 1, "excluded_lines": 0, "percent_statements_covered": 0.0, "percent_statements_covered_display": "0"}, "missing_lines": [408], "excluded_lines": []}, "mealie_recipes_bulk_tag": {"executed_lines": [], "summary": {"covered_lines": 0, "num_statements": 1, "percent_covered": 0.0, "percent_covered_display": "0", "missing_lines": 1, "excluded_lines": 0, "percent_statements_covered": 0.0, "percent_statements_covered_display": "0"}, "missing_lines": [422], "excluded_lines": []}, "mealie_recipes_bulk_categorize": {"executed_lines": [], "summary": {"covered_lines": 0, "num_statements": 1, "percent_covered": 0.0, "percent_covered_display": "0", "missing_lines": 1, "excluded_lines": 0, "percent_statements_covered": 0.0, "percent_statements_covered_display": "0"}, "missing_lines": [436], "excluded_lines": []}, "mealie_recipes_bulk_delete": {"executed_lines": [], "summary": {"covered_lines": 0, "num_statements": 1, "percent_covered": 0.0, "percent_covered_display": "0", "missing_lines": 1, "excluded_lines": 0, "percent_statements_covered": 0.0, "percent_statements_covered_display": "0"}, "missing_lines": [449], "excluded_lines": []}, "mealie_recipes_bulk_export": {"executed_lines": [], "summary": {"covered_lines": 0, "num_statements": 1, "percent_covered": 0.0, "percent_covered_display": "0", "missing_lines": 1, "excluded_lines": 0, "percent_statements_covered": 0.0, "percent_statements_covered_display": "0"}, "missing_lines": [463], "excluded_lines": []}, "mealie_recipes_bulk_update_settings": {"executed_lines": [], "summary": {"covered_lines": 0, "num_statements": 1, "percent_covered": 0.0, "percent_covered_display": "0", "missing_lines": 1, "excluded_lines": 0, "percent_statements_covered": 0.0, "percent_statements_covered_display": "0"}, "missing_lines": [477], "excluded_lines": []}, "mealie_recipes_create_from_image": {"executed_lines": [], "summary": {"covered_lines": 0, "num_statements": 1, "percent_covered": 0.0, "percent_covered_display": "0", "missing_lines": 1, "excluded_lines": 0, "percent_statements_covered": 0.0, "percent_statements_covered_display": "0"}, "missing_lines": [491], "excluded_lines": []}, "mealie_recipes_upload_image_from_url": {"executed_lines": [], "summary": {"covered_lines": 0, "num_statements": 1, "percent_covered": 0.0, "percent_covered_display": "0", "missing_lines": 1, "excluded_lines": 0, "percent_statements_covered": 0.0, "percent_statements_covered_display": "0"}, "missing_lines": [514], "excluded_lines": []}, "mealie_mealplans_list": {"executed_lines": [], "summary": {"covered_lines": 0, "num_statements": 1, "percent_covered": 0.0, "percent_covered_display": "0", "missing_lines": 1, "excluded_lines": 0, "percent_statements_covered": 0.0, "percent_statements_covered_display": "0"}, "missing_lines": [535], "excluded_lines": []}, "mealie_mealplans_today": {"executed_lines": [], "summary": {"covered_lines": 0, "num_statements": 1, "percent_covered": 0.0, "percent_covered_display": "0", "missing_lines": 1, "excluded_lines": 0, "percent_statements_covered": 0.0, "percent_statements_covered_display": "0"}, "missing_lines": [545], "excluded_lines": []}, "mealie_mealplans_get": {"executed_lines": [], "summary": {"covered_lines": 0, "num_statements": 1, "percent_covered": 0.0, "percent_covered_display": "0", "missing_lines": 1, "excluded_lines": 0, "percent_statements_covered": 0.0, "percent_statements_covered_display": "0"}, "missing_lines": [558], "excluded_lines": []}, "mealie_mealplans_get_date": {"executed_lines": [], "summary": {"covered_lines": 0, "num_statements": 1, "percent_covered": 0.0, "percent_covered_display": "0", "missing_lines": 1, "excluded_lines": 0, "percent_statements_covered": 0.0, "percent_statements_covered_display": "0"}, "missing_lines": [571], "excluded_lines": []}, "mealie_mealplans_create": {"executed_lines": [], "summary": {"covered_lines": 0, "num_statements": 1, "percent_covered": 0.0, "percent_covered_display": "0", "missing_lines": 1, "excluded_lines": 0, "percent_statements_covered": 0.0, "percent_statements_covered_display": "0"}, "missing_lines": [594], "excluded_lines": []}, "mealie_mealplans_update": {"executed_lines": [], "summary": {"covered_lines": 0, "num_statements": 1, "percent_covered": 0.0, "percent_covered_display": "0", "missing_lines": 1, "excluded_lines": 0, "percent_statements_covered": 0.0, "percent_statements_covered_display": "0"}, "missing_lines": [625], "excluded_lines": []}, "mealie_mealplans_delete": {"executed_lines": [], "summary": {"covered_lines": 0, "num_statements": 1, "percent_covered": 0.0, "percent_covered_display": "0", "missing_lines": 1, "excluded_lines": 0, "percent_statements_covered": 0.0, "percent_statements_covered_display": "0"}, "missing_lines": [645], "excluded_lines": []}, "mealie_mealplans_random": {"executed_lines": [], "summary": {"covered_lines": 0, "num_statements": 1, "percent_covered": 0.0, "percent_covered_display": "0", "missing_lines": 1, "excluded_lines": 0, "percent_statements_covered": 0.0, "percent_statements_covered_display": "0"}, "missing_lines": [655], "excluded_lines": []}, "mealie_mealplans_search": {"executed_lines": [], "summary": {"covered_lines": 0, "num_statements": 1, "percent_covered": 0.0, "percent_covered_display": "0", "missing_lines": 1, "excluded_lines": 0, "percent_statements_covered": 0.0, "percent_statements_covered_display": "0"}, "missing_lines": [688], "excluded_lines": []}, "mealie_mealplans_delete_range": {"executed_lines": [], "summary": {"covered_lines": 0, "num_statements": 1, "percent_covered": 0.0, "percent_covered_display": "0", "missing_lines": 1, "excluded_lines": 0, "percent_statements_covered": 0.0, "percent_statements_covered_display": "0"}, "missing_lines": [712], "excluded_lines": []}, "mealie_mealplans_update_batch": {"executed_lines": [], "summary": {"covered_lines": 0, "num_statements": 1, "percent_covered": 0.0, "percent_covered_display": "0", "missing_lines": 1, "excluded_lines": 0, "percent_statements_covered": 0.0, "percent_statements_covered_display": "0"}, "missing_lines": [746], "excluded_lines": []}, "mealie_mealplan_rules_list": {"executed_lines": [], "summary": {"covered_lines": 0, "num_statements": 1, "percent_covered": 0.0, "percent_covered_display": "0", "missing_lines": 1, "excluded_lines": 0, "percent_statements_covered": 0.0, "percent_statements_covered_display": "0"}, "missing_lines": [756], "excluded_lines": []}, "mealie_mealplan_rules_get": {"executed_lines": [], "summary": {"covered_lines": 0, "num_statements": 1, "percent_covered": 0.0, "percent_covered_display": "0", "missing_lines": 1, "excluded_lines": 0, "percent_statements_covered": 0.0, "percent_statements_covered_display": "0"}, "missing_lines": [769], "excluded_lines": []}, "mealie_mealplan_rules_create": {"executed_lines": [], "summary": {"covered_lines": 0, "num_statements": 1, "percent_covered": 0.0, "percent_covered_display": "0", "missing_lines": 1, "excluded_lines": 0, "percent_statements_covered": 0.0, "percent_statements_covered_display": "0"}, "missing_lines": [790], "excluded_lines": []}, "mealie_mealplan_rules_update": {"executed_lines": [], "summary": {"covered_lines": 0, "num_statements": 1, "percent_covered": 0.0, "percent_covered_display": "0", "missing_lines": 1, "excluded_lines": 0, "percent_statements_covered": 0.0, "percent_statements_covered_display": "0"}, "missing_lines": [813], "excluded_lines": []}, "mealie_mealplan_rules_delete": {"executed_lines": [], "summary": {"covered_lines": 0, "num_statements": 1, "percent_covered": 0.0, "percent_covered_display": "0", "missing_lines": 1, "excluded_lines": 0, "percent_statements_covered": 0.0, "percent_statements_covered_display": "0"}, "missing_lines": [832], "excluded_lines": []}, "mealie_shopping_lists_list": {"executed_lines": [], "summary": {"covered_lines": 0, "num_statements": 1, "percent_covered": 0.0, "percent_covered_display": "0", "missing_lines": 1, "excluded_lines": 0, "percent_statements_covered": 0.0, "percent_statements_covered_display": "0"}, "missing_lines": [846], "excluded_lines": []}, "mealie_shopping_lists_get": {"executed_lines": [], "summary": {"covered_lines": 0, "num_statements": 1, "percent_covered": 0.0, "percent_covered_display": "0", "missing_lines": 1, "excluded_lines": 0, "percent_statements_covered": 0.0, "percent_statements_covered_display": "0"}, "missing_lines": [859], "excluded_lines": []}, "mealie_shopping_lists_create": {"executed_lines": [], "summary": {"covered_lines": 0, "num_statements": 1, "percent_covered": 0.0, "percent_covered_display": "0", "missing_lines": 1, "excluded_lines": 0, "percent_statements_covered": 0.0, "percent_statements_covered_display": "0"}, "missing_lines": [872], "excluded_lines": []}, "mealie_shopping_lists_delete": {"executed_lines": [], "summary": {"covered_lines": 0, "num_statements": 1, "percent_covered": 0.0, "percent_covered_display": "0", "missing_lines": 1, "excluded_lines": 0, "percent_statements_covered": 0.0, "percent_statements_covered_display": "0"}, "missing_lines": [885], "excluded_lines": []}, "mealie_shopping_items_add": {"executed_lines": [], "summary": {"covered_lines": 0, "num_statements": 1, "percent_covered": 0.0, "percent_covered_display": "0", "missing_lines": 1, "excluded_lines": 0, "percent_statements_covered": 0.0, "percent_statements_covered_display": "0"}, "missing_lines": [910], "excluded_lines": []}, "mealie_shopping_items_add_bulk": {"executed_lines": [], "summary": {"covered_lines": 0, "num_statements": 1, "percent_covered": 0.0, "percent_covered_display": "0", "missing_lines": 1, "excluded_lines": 0, "percent_statements_covered": 0.0, "percent_statements_covered_display": "0"}, "missing_lines": [934], "excluded_lines": []}, "mealie_shopping_items_check": {"executed_lines": [], "summary": {"covered_lines": 0, "num_statements": 1, "percent_covered": 0.0, "percent_covered_display": "0", "missing_lines": 1, "excluded_lines": 0, "percent_statements_covered": 0.0, "percent_statements_covered_display": "0"}, "missing_lines": [951], "excluded_lines": []}, "mealie_shopping_items_delete": {"executed_lines": [], "summary": {"covered_lines": 0, "num_statements": 1, "percent_covered": 0.0, "percent_covered_display": "0", "missing_lines": 1, "excluded_lines": 0, "percent_statements_covered": 0.0, "percent_statements_covered_display": "0"}, "missing_lines": [964], "excluded_lines": []}, "mealie_shopping_add_recipe": {"executed_lines": [], "summary": {"covered_lines": 0, "num_statements": 1, "percent_covered": 0.0, "percent_covered_display": "0", "missing_lines": 1, "excluded_lines": 0, "percent_statements_covered": 0.0, "percent_statements_covered_display": "0"}, "missing_lines": [983], "excluded_lines": []}, "mealie_shopping_generate_from_mealplan": {"executed_lines": [], "summary": {"covered_lines": 0, "num_statements": 1, "percent_covered": 0.0, "percent_covered_display": "0", "missing_lines": 1, "excluded_lines": 0, "percent_statements_covered": 0.0, "percent_statements_covered_display": "0"}, "missing_lines": [1005], "excluded_lines": []}, "mealie_shopping_clear_checked": {"executed_lines": [], "summary": {"covered_lines": 0, "num_statements": 1, "percent_covered": 0.0, "percent_covered_display": "0", "missing_lines": 1, "excluded_lines": 0, "percent_statements_covered": 0.0, "percent_statements_covered_display": "0"}, "missing_lines": [1022], "excluded_lines": []}, "mealie_shopping_delete_recipe_from_list": {"executed_lines": [], "summary": {"covered_lines": 0, "num_statements": 1, "percent_covered": 0.0, "percent_covered_display": "0", "missing_lines": 1, "excluded_lines": 0, "percent_statements_covered": 0.0, "percent_statements_covered_display": "0"}, "missing_lines": [1036], "excluded_lines": []}, "mealie_foods_list": {"executed_lines": [], "summary": {"covered_lines": 0, "num_statements": 1, "percent_covered": 0.0, "percent_covered_display": "0", "missing_lines": 1, "excluded_lines": 0, "percent_statements_covered": 0.0, "percent_statements_covered_display": "0"}, "missing_lines": [1054], "excluded_lines": []}, "mealie_foods_get": {"executed_lines": [], "summary": {"covered_lines": 0, "num_statements": 1, "percent_covered": 0.0, "percent_covered_display": "0", "missing_lines": 1, "excluded_lines": 0, "percent_statements_covered": 0.0, "percent_statements_covered_display": "0"}, "missing_lines": [1067], "excluded_lines": []}, "mealie_foods_update": {"executed_lines": [], "summary": {"covered_lines": 0, "num_statements": 1, "percent_covered": 0.0, "percent_covered_display": "0", "missing_lines": 1, "excluded_lines": 0, "percent_statements_covered": 0.0, "percent_statements_covered_display": "0"}, "missing_lines": [1088], "excluded_lines": []}, "mealie_foods_delete": {"executed_lines": [], "summary": {"covered_lines": 0, "num_statements": 1, "percent_covered": 0.0, "percent_covered_display": "0", "missing_lines": 1, "excluded_lines": 0, "percent_statements_covered": 0.0, "percent_statements_covered_display": "0"}, "missing_lines": [1101], "excluded_lines": []}, "mealie_foods_merge": {"executed_lines": [], "summary": {"covered_lines": 0, "num_statements": 1, "percent_covered": 0.0, "percent_covered_display": "0", "missing_lines": 1, "excluded_lines": 0, "percent_statements_covered": 0.0, "percent_statements_covered_display": "0"}, "missing_lines": [1115], "excluded_lines": []}, "mealie_units_list": {"executed_lines": [], "summary": {"covered_lines": 0, "num_statements": 1, "percent_covered": 0.0, "percent_covered_display": "0", "missing_lines": 1, "excluded_lines": 0, "percent_statements_covered": 0.0, "percent_statements_covered_display": "0"}, "missing_lines": [1129], "excluded_lines": []}, "mealie_units_get": {"executed_lines": [], "summary": {"covered_lines": 0, "num_statements": 1, "percent_covered": 0.0, "percent_covered_display": "0", "missing_lines": 1, "excluded_lines": 0, "percent_statements_covered": 0.0, "percent_statements_covered_display": "0"}, "missing_lines": [1142], "excluded_lines": []}, "mealie_units_update": {"executed_lines": [], "summary": {"covered_lines": 0, "num_statements": 1, "percent_covered": 0.0, "percent_covered_display": "0", "missing_lines": 1, "excluded_lines": 0, "percent_statements_covered": 0.0, "percent_statements_covered_display": "0"}, "missing_lines": [1163], "excluded_lines": []}, "mealie_units_delete": {"executed_lines": [], "summary": {"covered_lines": 0, "num_statements": 1, "percent_covered": 0.0, "percent_covered_display": "0", "missing_lines": 1, "excluded_lines": 0, "percent_statements_covered": 0.0, "percent_statements_covered_display": "0"}, "missing_lines": [1176], "excluded_lines": []}, "mealie_units_merge": {"executed_lines": [], "summary": {"covered_lines": 0, "num_statements": 1, "percent_covered": 0.0, "percent_covered_display": "0", "missing_lines": 1, "excluded_lines": 0, "percent_statements_covered": 0.0, "percent_statements_covered_display": "0"}, "missing_lines": [1190], "excluded_lines": []}, "mealie_categories_list": {"executed_lines": [], "summary": {"covered_lines": 0, "num_statements": 1, "percent_covered": 0.0, "percent_covered_display": "0", "missing_lines": 1, "excluded_lines": 0, "percent_statements_covered": 0.0, "percent_statements_covered_display": "0"}, "missing_lines": [1204], "excluded_lines": []}, "mealie_categories_create": {"executed_lines": [], "summary": {"covered_lines": 0, "num_statements": 1, "percent_covered": 0.0, "percent_covered_display": "0", "missing_lines": 1, "excluded_lines": 0, "percent_statements_covered": 0.0, "percent_statements_covered_display": "0"}, "missing_lines": [1217], "excluded_lines": []}, "mealie_categories_get": {"executed_lines": [], "summary": {"covered_lines": 0, "num_statements": 1, "percent_covered": 0.0, "percent_covered_display": "0", "missing_lines": 1, "excluded_lines": 0, "percent_statements_covered": 0.0, "percent_statements_covered_display": "0"}, "missing_lines": [1230], "excluded_lines": []}, "mealie_categories_update": {"executed_lines": [], "summary": {"covered_lines": 0, "num_statements": 1, "percent_covered": 0.0, "percent_covered_display": "0", "missing_lines": 1, "excluded_lines": 0, "percent_statements_covered": 0.0, "percent_statements_covered_display": "0"}, "missing_lines": [1249], "excluded_lines": []}, "mealie_categories_delete": {"executed_lines": [], "summary": {"covered_lines": 0, "num_statements": 1, "percent_covered": 0.0, "percent_covered_display": "0", "missing_lines": 1, "excluded_lines": 0, "percent_statements_covered": 0.0, "percent_statements_covered_display": "0"}, "missing_lines": [1262], "excluded_lines": []}, "mealie_tags_list": {"executed_lines": [], "summary": {"covered_lines": 0, "num_statements": 1, "percent_covered": 0.0, "percent_covered_display": "0", "missing_lines": 1, "excluded_lines": 0, "percent_statements_covered": 0.0, "percent_statements_covered_display": "0"}, "missing_lines": [1272], "excluded_lines": []}, "mealie_tags_create": {"executed_lines": [], "summary": {"covered_lines": 0, "num_statements": 1, "percent_covered": 0.0, "percent_covered_display": "0", "missing_lines": 1, "excluded_lines": 0, "percent_statements_covered": 0.0, "percent_statements_covered_display": "0"}, "missing_lines": [1285], "excluded_lines": []}, "mealie_tags_get": {"executed_lines": [], "summary": {"covered_lines": 0, "num_statements": 1, "percent_covered": 0.0, "percent_covered_display": "0", "missing_lines": 1, "excluded_lines": 0, "percent_statements_covered": 0.0, "percent_statements_covered_display": "0"}, "missing_lines": [1298], "excluded_lines": []}, "mealie_tags_update": {"executed_lines": [], "summary": {"covered_lines": 0, "num_statements": 1, "percent_covered": 0.0, "percent_covered_display": "0", "missing_lines": 1, "excluded_lines": 0, "percent_statements_covered": 0.0, "percent_statements_covered_display": "0"}, "missing_lines": [1317], "excluded_lines": []}, "mealie_tags_delete": {"executed_lines": [], "summary": {"covered_lines": 0, "num_statements": 1, "percent_covered": 0.0, "percent_covered_display": "0", "missing_lines": 1, "excluded_lines": 0, "percent_statements_covered": 0.0, "percent_statements_covered_display": "0"}, "missing_lines": [1330], "excluded_lines": []}, "mealie_tools_list": {"executed_lines": [], "summary": {"covered_lines": 0, "num_statements": 1, "percent_covered": 0.0, "percent_covered_display": "0", "missing_lines": 1, "excluded_lines": 0, "percent_statements_covered": 0.0, "percent_statements_covered_display": "0"}, "missing_lines": [1340], "excluded_lines": []}, "mealie_tools_create": {"executed_lines": [], "summary": {"covered_lines": 0, "num_statements": 1, "percent_covered": 0.0, "percent_covered_display": "0", "missing_lines": 1, "excluded_lines": 0, "percent_statements_covered": 0.0, "percent_statements_covered_display": "0"}, "missing_lines": [1353], "excluded_lines": []}, "mealie_tools_get": {"executed_lines": [], "summary": {"covered_lines": 0, "num_statements": 1, "percent_covered": 0.0, "percent_covered_display": "0", "missing_lines": 1, "excluded_lines": 0, "percent_statements_covered": 0.0, "percent_statements_covered_display": "0"}, "missing_lines": [1366], "excluded_lines": []}, "mealie_tools_update": {"executed_lines": [], "summary": {"covered_lines": 0, "num_statements": 1, "percent_covered": 0.0, "percent_covered_display": "0", "missing_lines": 1, "excluded_lines": 0, "percent_statements_covered": 0.0, "percent_statements_covered_display": "0"}, "missing_lines": [1385], "excluded_lines": []}, "mealie_tools_delete": {"executed_lines": [], "summary": {"covered_lines": 0, "num_statements": 1, "percent_covered": 0.0, "percent_covered_display": "0", "missing_lines": 1, "excluded_lines": 0, "percent_statements_covered": 0.0, "percent_statements_covered_display": "0"}, "missing_lines": [1398], "excluded_lines": []}, "mealie_parser_ingredient": {"executed_lines": [], "summary": {"covered_lines": 0, "num_statements": 1, "percent_covered": 0.0, "percent_covered_display": "0", "missing_lines": 1, "excluded_lines": 0, "percent_statements_covered": 0.0, "percent_statements_covered_display": "0"}, "missing_lines": [1431], "excluded_lines": []}, "mealie_parser_ingredients_batch": {"executed_lines": [], "summary": {"covered_lines": 0, "num_statements": 1, "percent_covered": 0.0, "percent_covered_display": "0", "missing_lines": 1, "excluded_lines": 0, "percent_statements_covered": 0.0, "percent_statements_covered_display": "0"}, "missing_lines": [1455], "excluded_lines": []}, "resource_recipes_list": {"executed_lines": [], "summary": {"covered_lines": 0, "num_statements": 1, "percent_covered": 0.0, "percent_covered_display": "0", "missing_lines": 1, "excluded_lines": 0, "percent_statements_covered": 0.0, "percent_statements_covered_display": "0"}, "missing_lines": [1465], "excluded_lines": []}, "resource_recipe_detail": {"executed_lines": [], "summary": {"covered_lines": 0, "num_statements": 1, "percent_covered": 0.0, "percent_covered_display": "0", "missing_lines": 1, "excluded_lines": 0, "percent_statements_covered": 0.0, "percent_statements_covered_display": "0"}, "missing_lines": [1471], "excluded_lines": []}, "resource_current_mealplan": {"executed_lines": [], "summary": {"covered_lines": 0, "num_statements": 1, "percent_covered": 0.0, "percent_covered_display": "0", "missing_lines": 1, "excluded_lines": 0, "percent_statements_covered": 0.0, "percent_statements_covered_display": "0"}, "missing_lines": [1477], "excluded_lines": []}, "resource_today_meals": {"executed_lines": [], "summary": {"covered_lines": 0, "num_statements": 1, "percent_covered": 0.0, "percent_covered_display": "0", "missing_lines": 1, "excluded_lines": 0, "percent_statements_covered": 0.0, "percent_statements_covered_display": "0"}, "missing_lines": [1483], "excluded_lines": []}, "resource_mealplan_date": {"executed_lines": [], "summary": {"covered_lines": 0, "num_statements": 23, "percent_covered": 0.0, "percent_covered_display": "0", "missing_lines": 23, "excluded_lines": 0, "percent_statements_covered": 0.0, "percent_statements_covered_display": "0"}, "missing_lines": [1489, 1491, 1492, 1493, 1495, 1496, 1498, 1500, 1501, 1502, 1504, 1505, 1506, 1507, 1508, 1509, 1510, 1511, 1512, 1513, 1514, 1515, 1517], "excluded_lines": []}, "resource_shopping_lists": {"executed_lines": [], "summary": {"covered_lines": 0, "num_statements": 1, "percent_covered": 0.0, "percent_covered_display": "0", "missing_lines": 1, "excluded_lines": 0, "percent_statements_covered": 0.0, "percent_statements_covered_display": "0"}, "missing_lines": [1523], "excluded_lines": []}, "resource_shopping_list_detail": {"executed_lines": [], "summary": {"covered_lines": 0, "num_statements": 1, "percent_covered": 0.0, "percent_covered_display": "0", "missing_lines": 1, "excluded_lines": 0, "percent_statements_covered": 0.0, "percent_statements_covered_display": "0"}, "missing_lines": [1529], "excluded_lines": []}, "": {"executed_lines": [1, 8, 9, 10, 11, 14, 16, 17], "summary": {"covered_lines": 7, "num_statements": 182, "percent_covered": 3.8461538461538463, "percent_covered_display": "4", "missing_lines": 175, "excluded_lines": 0, "percent_statements_covered": 3.8461538461538463, "percent_statements_covered_display": "4"}, "missing_lines": [20, 23, 43, 61, 75, 79, 91, 110, 111, 112, 115, 126, 127, 145, 146, 166, 167, 179, 180, 197, 198, 241, 242, 255, 256, 308, 309, 356, 357, 369, 370, 383, 384, 397, 398, 411, 412, 425, 426, 439, 440, 452, 453, 466, 467, 480, 481, 494, 495, 521, 522, 538, 539, 548, 549, 561, 562, 574, 575, 603, 604, 635, 636, 648, 649, 658, 659, 691, 692, 715, 716, 749, 750, 759, 760, 772, 773, 793, 794, 822, 823, 839, 840, 849, 850, 862, 863, 875, 876, 888, 889, 920, 921, 937, 938, 954, 955, 967, 968, 986, 987, 1012, 1013, 1025, 1026, 1043, 1044, 1057, 1058, 1070, 1071, 1091, 1092, 1104, 1105, 1118, 1119, 1132, 1133, 1145, 1146, 1166, 1167, 1179, 1180, 1197, 1198, 1207, 1208, 1220, 1221, 1233, 1234, 1252, 1253, 1265, 1266, 1275, 1276, 1288, 1289, 1301, 1302, 1320, 1321, 1333, 1334, 1343, 1344, 1356, 1357, 1369, 1370, 1388, 1389, 1405, 1406, 1434, 1435, 1462, 1463, 1468, 1469, 1474, 1475, 1480, 1481, 1486, 1487, 1520, 1521, 1526, 1527, 1536, 1537], "excluded_lines": []}}, "classes": {"": {"executed_lines": [1, 8, 9, 10, 11, 14, 16, 17], "summary": {"covered_lines": 7, "num_statements": 293, "percent_covered": 2.3890784982935154, "percent_covered_display": "2", "missing_lines": 286, "excluded_lines": 0, "percent_statements_covered": 2.3890784982935154, "percent_statements_covered_display": "2"}, "missing_lines": [20, 23, 43, 61, 75, 79, 91, 110, 111, 112, 115, 126, 127, 129, 131, 132, 133, 134, 135, 136, 137, 138, 145, 146, 163, 166, 167, 176, 179, 180, 190, 197, 198, 227, 241, 242, 252, 255, 256, 291, 308, 309, 350, 356, 357, 366, 369, 370, 380, 383, 384, 394, 397, 398, 408, 411, 412, 422, 425, 426, 436, 439, 440, 449, 452, 453, 463, 466, 467, 477, 480, 481, 491, 494, 495, 514, 521, 522, 535, 538, 539, 545, 548, 549, 558, 561, 562, 571, 574, 575, 594, 603, 604, 625, 635, 636, 645, 648, 649, 655, 658, 659, 688, 691, 692, 712, 715, 716, 746, 749, 750, 756, 759, 760, 769, 772, 773, 790, 793, 794, 813, 822, 823, 832, 839, 840, 846, 849, 850, 859, 862, 863, 872, 875, 876, 885, 888, 889, 910, 920, 921, 934, 937, 938, 951, 954, 955, 964, 967, 968, 983, 986, 987, 1005, 1012, 1013, 1022, 1025, 1026, 1036, 1043, 1044, 1054, 1057, 1058, 1067, 1070, 1071, 1088, 1091, 1092, 1101, 1104, 1105, 1115, 1118, 1119, 1129, 1132, 1133, 1142, 1145, 1146, 1163, 1166, 1167, 1176, 1179, 1180, 1190, 1197, 1198, 1204, 1207, 1208, 1217, 1220, 1221, 1230, 1233, 1234, 1249, 1252, 1253, 1262, 1265, 1266, 1272, 1275, 1276, 1285, 1288, 1289, 1298, 1301, 1302, 1317, 1320, 1321, 1330, 1333, 1334, 1340, 1343, 1344, 1353, 1356, 1357, 1366, 1369, 1370, 1385, 1388, 1389, 1398, 1405, 1406, 1431, 1434, 1435, 1455, 1462, 1463, 1465, 1468, 1469, 1471, 1474, 1475, 1477, 1480, 1481, 1483, 1486, 1487, 1489, 1491, 1492, 1493, 1495, 1496, 1498, 1500, 1501, 1502, 1504, 1505, 1506, 1507, 1508, 1509, 1510, 1511, 1512, 1513, 1514, 1515, 1517, 1520, 1521, 1523, 1526, 1527, 1529, 1536, 1537], "excluded_lines": []}}}, "src/tools/__init__.py": {"executed_lines": [1, 5, 7], "summary": {"covered_lines": 2, "num_statements": 2, "percent_covered": 100.0, "percent_covered_display": "100", "missing_lines": 0, "excluded_lines": 0, "percent_statements_covered": 100.0, "percent_statements_covered_display": "100"}, "missing_lines": [], "excluded_lines": [], "functions": {"": {"executed_lines": [1, 5, 7], "summary": {"covered_lines": 2, "num_statements": 2, "percent_covered": 100.0, "percent_covered_display": "100", "missing_lines": 0, "excluded_lines": 0, "percent_statements_covered": 100.0, "percent_statements_covered_display": "100"}, "missing_lines": [], "excluded_lines": []}}, "classes": {"": {"executed_lines": [1, 5, 7], "summary": {"covered_lines": 2, "num_statements": 2, "percent_covered": 100.0, "percent_covered_display": "100", "missing_lines": 0, "excluded_lines": 0, "percent_statements_covered": 100.0, "percent_statements_covered_display": "100"}, "missing_lines": [], "excluded_lines": []}}}, "src/tools/foods.py": {"executed_lines": [1, 9, 10, 11, 12, 15, 16, 17, 19, 20, 27, 37, 38, 39, 40, 42, 49, 50, 53, 56, 65, 66, 67, 68, 70, 77, 78, 81, 84, 101, 102, 103, 104, 110, 117, 118, 121, 124, 133, 134, 135, 136, 141, 142, 147, 155, 165, 166, 167, 168, 174, 181, 182, 185, 192, 202, 203, 204, 205, 207, 214, 215, 218, 221, 230, 231, 232, 233, 235, 242, 243, 246, 249, 266, 267, 268, 269, 275, 282, 283, 286, 289, 298, 299, 300, 301, 320, 330, 331, 332, 333, 339, 346, 347, 350], "summary": {"covered_lines": 94, "num_statements": 119, "percent_covered": 78.99159663865547, "percent_covered_display": "79", "missing_lines": 25, "excluded_lines": 0, "percent_statements_covered": 78.99159663865547, "percent_statements_covered_display": "79"}, "missing_lines": [43, 48, 71, 76, 111, 116, 148, 149, 152, 175, 180, 208, 213, 236, 241, 276, 281, 306, 307, 312, 313, 314, 317, 340, 345], "excluded_lines": [], "functions": {"foods_list": {"executed_lines": [37, 38, 39, 40, 42, 49, 50, 53], "summary": {"covered_lines": 8, "num_statements": 10, "percent_covered": 80.0, "percent_covered_display": "80", "missing_lines": 2, "excluded_lines": 0, "percent_statements_covered": 80.0, "percent_statements_covered_display": "80"}, "missing_lines": [43, 48], "excluded_lines": []}, "foods_get": {"executed_lines": [65, 66, 67, 68, 70, 77, 78, 81], "summary": {"covered_lines": 8, "num_statements": 10, "percent_covered": 80.0, "percent_covered_display": "80", "missing_lines": 2, "excluded_lines": 0, "percent_statements_covered": 80.0, "percent_statements_covered_display": "80"}, "missing_lines": [71, 76], "excluded_lines": []}, "foods_update": {"executed_lines": [101, 102, 103, 104, 110, 117, 118, 121], "summary": {"covered_lines": 8, "num_statements": 10, "percent_covered": 80.0, "percent_covered_display": "80", "missing_lines": 2, "excluded_lines": 0, "percent_statements_covered": 80.0, "percent_statements_covered_display": "80"}, "missing_lines": [111, 116], "excluded_lines": []}, "foods_delete": {"executed_lines": [133, 134, 135, 136, 141, 142, 147], "summary": {"covered_lines": 7, "num_statements": 10, "percent_covered": 70.0, "percent_covered_display": "70", "missing_lines": 3, "excluded_lines": 0, "percent_statements_covered": 70.0, "percent_sta
[...]
 [168, 171, 176], "excluded_lines": []}, "_resolve_tags": {"executed_lines": [222, 223, 224, 227, 228, 229, 232, 233, 236, 237, 239, 241, 244, 245, 247], "summary": {"covered_lines": 15, "num_statements": 15, "percent_covered": 100.0, "percent_covered_display": "100", "missing_lines": 0, "excluded_lines": 0, "percent_statements_covered": 100.0, "percent_statements_covered_display": "100"}, "missing_lines": [], "excluded_lines": []}, "_resolve_categories": {"executed_lines": [288, 289, 290, 293, 294, 295, 298, 299, 302, 303, 305, 307, 310, 311, 313], "summary": {"covered_lines": 15, "num_statements": 15, "percent_covered": 100.0, "percent_covered_display": "100", "missing_lines": 0, "excluded_lines": 0, "percent_statements_covered": 100.0, "percent_statements_covered_display": "100"}, "missing_lines": [], "excluded_lines": []}, "recipes_create": {"executed_lines": [345, 346, 348, 351, 353, 356, 359, 362, 367, 369, 372, 381, 382, 383, 384, 385, 386, 387, 388, 389, 390, 393, 394, 399, 400, 405, 406, 407, 410, 411, 414, 417, 419, 429, 431, 438, 439, 442], "summary": {"covered_lines": 38, "num_statements": 42, "percent_covered": 90.47619047619048, "percent_covered_display": "90", "missing_lines": 4, "excluded_lines": 0, "percent_statements_covered": 90.47619047619048, "percent_statements_covered_display": "90"}, "missing_lines": [352, 354, 432, 437], "excluded_lines": []}, "recipes_create_from_url": {"executed_lines": [455, 456, 458, 464, 466, 469, 472, 474, 485, 487, 494, 495, 498], "summary": {"covered_lines": 13, "num_statements": 17, "percent_covered": 76.47058823529412, "percent_covered_display": "76", "missing_lines": 4, "excluded_lines": 0, "percent_statements_covered": 76.47058823529412, "percent_statements_covered_display": "76"}, "missing_lines": [465, 467, 488, 493], "excluded_lines": []}, "recipes_update": {"executed_lines": [536, 537, 539, 543, 560, 561, 565, 568, 569, 573, 576, 577, 579, 580, 582, 585, 587, 588, 592, 596, 598, 601, 604, 606, 618, 620, 627, 628, 631], "summary": {"covered_lines": 29, "num_statements": 31, "percent_covered": 93.54838709677419, "percent_covered_display": "94", "missing_lines": 2, "excluded_lines": 0, "percent_statements_covered": 93.54838709677419, "percent_statements_covered_display": "94"}, "missing_lines": [621, 626], "excluded_lines": []}, "recipes_update_structured_ingredients": {"executed_lines": [661, 662, 665, 666, 668, 669, 670, 675, 676, 677, 678, 679, 681, 682, 683, 684, 686, 693, 694, 695, 696, 697, 699, 700, 701, 702, 704, 710, 712, 715, 716, 722, 725, 726, 729, 730, 731, 732, 733, 734, 736, 744, 745, 746, 747, 748, 749, 751, 759, 760, 763, 767, 768, 769, 770, 771, 772, 773, 774, 775, 776, 777, 778, 779, 780, 783, 787, 788, 791, 792, 793, 795, 798, 799, 800, 801, 802, 803, 804, 805, 806, 807, 810, 812, 823, 825, 834, 835, 838], "summary": {"covered_lines": 89, "num_statements": 107, "percent_covered": 83.17757009345794, "percent_covered_display": "83", "missing_lines": 18, "excluded_lines": 0, "percent_statements_covered": 83.17757009345794, "percent_statements_covered_display": "83"}, "missing_lines": [672, 687, 690, 705, 707, 719, 737, 739, 740, 741, 752, 754, 755, 756, 764, 784, 827, 833], "excluded_lines": []}, "recipes_delete": {"executed_lines": [850, 851, 853, 854, 855, 860, 862, 866, 868, 869, 874], "summary": {"covered_lines": 11, "num_statements": 16, "percent_covered": 68.75, "percent_covered_display": "69", "missing_lines": 5, "excluded_lines": 0, "percent_statements_covered": 68.75, "percent_statements_covered_display": "69"}, "missing_lines": [856, 857, 875, 876, 879], "excluded_lines": []}, "recipes_duplicate": {"executed_lines": [892, 893, 894, 896, 905, 907, 908, 913], "summary": {"covered_lines": 8, "num_statements": 11, "percent_covered": 72.72727272727273, "percent_covered_display": "73", "missing_lines": 3, "excluded_lines": 0, "percent_statements_covered": 72.72727272727273, "percent_statements_covered_display": "73"}, "missing_lines": [914, 915, 918], "excluded_lines": []}, "recipes_update_last_made": {"executed_lines": [931, 932, 933, 935, 940, 942, 943, 948], "summary": {"covered_lines": 8, "num_statements": 11, "percent_covered": 72.72727272727273, "percent_covered_display": "73", "missing_lines": 3, "excluded_lines": 0, "percent_statements_covered": 72.72727272727273, "percent_statements_covered_display": "73"}, "missing_lines": [949, 950, 953], "excluded_lines": []}, "recipes_create_from_urls_bulk": {"executed_lines": [966, 967, 968, 970], "summary": {"covered_lines": 4, "num_statements": 10, "percent_covered": 40.0, "percent_covered_display": "40", "missing_lines": 6, "excluded_lines": 0, "percent_statements_covered": 40.0, "percent_statements_covered_display": "40"}, "missing_lines": [976, 977, 982, 983, 984, 987], "excluded_lines": []}, "recipes_bulk_tag": {"executed_lines": [1000, 1001, 1002, 1004, 1010, 1011, 1016], "summary": {"covered_lines": 7, "num_statements": 10, "percent_covered": 70.0, "percent_covered_display": "70", "missing_lines": 3, "excluded_lines": 0, "percent_statements_covered": 70.0, "percent_statements_covered_display": "70"}, "missing_lines": [1017, 1018, 1021], "excluded_lines": []}, "recipes_bulk_categorize": {"executed_lines": [1034, 1035, 1036, 1038], "summary": {"covered_lines": 4, "num_statements": 10, "percent_covered": 40.0, "percent_covered_display": "40", "missing_lines": 6, "excluded_lines": 0, "percent_statements_covered": 40.0, "percent_statements_covered_display": "40"}, "missing_lines": [1044, 1045, 1050, 1051, 1052, 1055], "excluded_lines": []}, "recipes_bulk_delete": {"executed_lines": [1067, 1068, 1069, 1071], "summary": {"covered_lines": 4, "num_statements": 10, "percent_covered": 40.0, "percent_covered_display": "40", "missing_lines": 6, "excluded_lines": 0, "percent_statements_covered": 40.0, "percent_statements_covered_display": "40"}, "missing_lines": [1077, 1078, 1083, 1084, 1085, 1088], "excluded_lines": []}, "recipes_bulk_export": {"executed_lines": [1101, 1102, 1103, 1105], "summary": {"covered_lines": 4, "num_statements": 10, "percent_covered": 40.0, "percent_covered_display": "40", "missing_lines": 6, "excluded_lines": 0, "percent_statements_covered": 40.0, "percent_statements_covered_display": "40"}, "missing_lines": [1111, 1112, 1117, 1118, 1119, 1122], "excluded_lines": []}, "recipes_bulk_update_settings": {"executed_lines": [1135, 1136, 1137, 1139, 1145, 1152, 1153, 1156], "summary": {"covered_lines": 8, "num_statements": 10, "percent_covered": 80.0, "percent_covered_display": "80", "missing_lines": 2, "excluded_lines": 0, "percent_statements_covered": 80.0, "percent_statements_covered_display": "80"}, "missing_lines": [1146, 1151], "excluded_lines": []}, "recipes_create_from_image": {"executed_lines": [1169, 1170, 1171, 1173, 1182, 1184, 1185, 1190], "summary": {"covered_lines": 8, "num_statements": 11, "percent_covered": 72.72727272727273, "percent_covered_display": "73", "missing_lines": 3, "excluded_lines": 0, "percent_statements_covered": 72.72727272727273, "percent_statements_covered_display": "73"}, "missing_lines": [1191, 1192, 1195], "excluded_lines": []}, "recipes_upload_image_from_url": {"executed_lines": [1208, 1209, 1210, 1211, 1212, 1219, 1220, 1223], "summary": {"covered_lines": 8, "num_statements": 10, "percent_covered": 80.0, "percent_covered_display": "80", "missing_lines": 2, "excluded_lines": 0, "percent_statements_covered": 80.0, "percent_statements_covered_display": "80"}, "missing_lines": [1213, 1218], "excluded_lines": []}, "": {"executed_lines": [1, 7, 8, 9, 10, 11, 14, 22, 23, 24, 26, 27, 30, 104, 135, 184, 250, 316, 445, 501, 634, 841, 882, 921, 956, 990, 1024, 1058, 1091, 1125, 1159, 1198, 1226], "summary": {"covered_lines": 32, "num_statements": 58, "percent_covered": 55.172413793103445, "percent_covered_display": "55", "missing_lines": 26, "excluded_lines": 0, "percent_statements_covered": 55.172413793103445, "percent_statements_covered_display": "55"}, "missing_lines": [1227, 1230, 1232, 1233, 1236, 1239, 1240, 1241, 1242, 1245, 1246, 1247, 1248, 1249, 1252, 1253, 1254, 1255, 1256, 1258, 1261, 1262, 1263, 1264, 1266, 1267], "excluded_lines": []}}, "classes": {"": {"executed_lines": [1, 7, 8, 9, 10, 11, 14, 16, 17, 18, 19, 22, 23, 24, 26, 27, 30, 47, 48, 50, 55, 56, 58, 59, 61, 62, 65, 68, 69, 70, 71, 80, 85, 88, 90, 91, 96, 104, 113, 114, 116, 119, 121, 122, 127, 128, 129, 132, 135, 145, 146, 148, 154, 157, 158, 165, 170, 177, 178, 181, 184, 222, 223, 224, 227, 228, 229, 232, 233, 236, 237, 239, 241, 244, 245, 247, 250, 288, 289, 290, 293, 294, 295, 298, 299, 302, 303, 305, 307, 310, 311, 313, 316, 345, 346, 348, 351, 353, 356, 359, 362, 367, 369, 372, 381, 382, 383, 384, 385, 386, 387, 388, 389, 390, 393, 394, 399, 400, 405, 406, 407, 410, 411, 414, 417, 419, 429, 431, 438, 439, 442, 445, 455, 456, 458, 464, 466, 469, 472, 474, 485, 487, 494, 495, 498, 501, 536, 537, 539, 543, 560, 561, 565, 568, 569, 573, 576, 577, 579, 580, 582, 585, 587, 588, 592, 596, 598, 601, 604, 606, 618, 620, 627, 628, 631, 634, 661, 662, 665, 666, 668, 669, 670, 675, 676, 677, 678, 679, 681, 682, 683, 684, 686, 693, 694, 695, 696, 697, 699, 700, 701, 702, 704, 710, 712, 715, 716, 722, 725, 726, 729, 730, 731, 732, 733, 734, 736, 744, 745, 746, 747, 748, 749, 751, 759, 760, 763, 767, 768, 769, 770, 771, 772, 773, 774, 775, 776, 777, 778, 779, 780, 783, 787, 788, 791, 792, 793, 795, 798, 799, 800, 801, 802, 803, 804, 805, 806, 807, 810, 812, 823, 825, 834, 835, 838, 841, 850, 851, 853, 854, 855, 860, 862, 866, 868, 869, 874, 882, 892, 893, 894, 896, 905, 907, 908, 913, 921, 931, 932, 933, 935, 940, 942, 943, 948, 956, 966, 967, 968, 970, 990, 1000, 1001, 1002, 1004, 1010, 1011, 1016, 1024, 1034, 1035, 1036, 1038, 1058, 1067, 1068, 1069, 1071, 1091, 1101, 1102, 1103, 1105, 1125, 1135, 1136, 1137, 1139, 1145, 1152, 1153, 1156, 1159, 1169, 1170, 1171, 1173, 1182, 1184, 1185, 1190, 1198, 1208, 1209, 1210, 1211, 1212, 1219, 1220, 1223, 1226], "summary": {"covered_lines": 350, "num_statements": 455, "percent_covered": 76.92307692307692, "percent_covered_display": "77", "missing_lines": 105, "excluded_lines": 0, "percent_statements_covered": 76.92307692307692, "percent_statements_covered_display": "77"}, "missing_lines": [97, 98, 101, 168, 171, 176, 352, 354, 432, 437, 465, 467, 488, 493, 621, 626, 672, 687, 690, 705, 707, 719, 737, 739, 740, 741, 752, 754, 755, 756, 764, 784, 827, 833, 856, 857, 875, 876, 879, 914, 915, 918, 949, 950, 953, 976, 977, 982, 983, 984, 987, 1017, 1018, 1021, 1044, 1045, 1050, 1051, 1052, 1055, 1077, 1078, 1083, 1084, 1085, 1088, 1111, 1112, 1117, 1118, 1119, 1122, 1146, 1151, 1191, 1192, 1195, 1213, 1218, 1227, 1230, 1232, 1233, 1236, 1239, 1240, 1241, 1242, 1245, 1246, 1247, 1248, 1249, 1252, 1253, 1254, 1255, 1256, 1258, 1261, 1262, 1263, 1264, 1266, 1267], "excluded_lines": []}}}, "src/tools/shopping.py": {"executed_lines": [1, 8, 9, 10, 11, 12, 15, 16, 17, 19, 20, 23, 29, 30, 31, 34, 35, 36, 38, 39, 44, 45, 46, 47, 49, 59, 64, 65, 70, 71, 74, 83, 84, 85, 87, 88, 93, 94, 96, 110, 120, 121, 130, 139, 140, 141, 145, 155, 156, 161, 162, 165, 174, 175, 176, 178, 183, 184, 193, 214, 215, 216, 220, 221, 222, 223, 224, 225, 226, 227, 228, 229, 231, 233, 239, 240, 245, 246, 249, 262, 263, 264, 265, 267, 268, 269, 273, 274, 275, 276, 278, 285, 286, 288, 300, 313, 314, 317, 322, 323, 329, 330, 335, 336, 339, 348, 349, 350, 352, 357, 358, 363, 364, 367, 382, 383, 386, 391, 392, 394, 399, 405, 406, 411, 412, 415, 433, 434, 436, 437, 439, 441, 442, 444, 447, 452, 453, 460, 461, 463, 464, 468, 476, 477, 478, 479, 482, 483, 540, 541, 550, 559, 560, 562, 564, 569, 570, 572, 573, 580, 581, 583, 584, 585, 586, 587, 588, 592, 598, 601, 613, 623, 624, 625, 627, 633, 639, 640, 643], "summary": {"covered_lines": 178, "num_statements": 267, "percent_covered": 66.66666666666667, "percent_covered_display": "67", "missing_lines": 89, "excluded_lines": 0, "percent_statements_covered": 66.66666666666667, "percent_statements_covered_display": "67"}, "missing_lines": [37, 41, 97, 98, 100, 126, 127, 189, 190, 290, 291, 296, 297, 462, 466, 469, 480, 490, 491, 493, 497, 498, 502, 505, 506, 508, 509, 510, 514, 515, 516, 519, 520, 522, 535, 536, 538, 546, 547, 565, 589, 590, 599, 603, 604, 609, 610, 634, 644, 647, 649, 650, 653, 656, 657, 658, 659, 662, 663, 664, 665, 666, 669, 670, 671, 672, 673, 675, 678, 679, 680, 681, 684, 685, 686, 687, 688, 691, 692, 693, 694, 695, 698, 699, 700, 701, 702, 704, 705], "excluded_lines": [], "functions": {"shopping_lists_list": {"executed_lines": [29, 30, 31, 34, 35, 36, 38, 39, 44, 45, 46, 47, 49, 59, 64, 65, 70, 71], "summary": {"covered_lines": 18, "num_statements": 20, "percent_covered": 90.0, "percent_covered_display": "90", "missing_lines": 2, "excluded_lines": 0, "percent_statements_covered": 90.0, "percent_statements_covered_display": "90"}, "missing_lines": [37, 41], "excluded_lines": []}, "shopping_lists_get": {"executed_lines": [83, 84, 85, 87, 88, 93, 94, 96, 110, 120, 121], "summary": {"covered_lines": 11, "num_statements": 16, "percent_covered": 68.75, "percent_covered_display": "69", "missing_lines": 5, "excluded_lines": 0, "percent_statements_covered": 68.75, "percent_statements_covered_display": "69"}, "missing_lines": [97, 98, 100, 126, 127], "excluded_lines": []}, "shopping_lists_create": {"executed_lines": [139, 140, 141, 145, 155, 156, 161, 162], "summary": {"covered_lines": 8, "num_statements": 8, "percent_covered": 100.0, "percent_covered_display": "100", "missing_lines": 0, "excluded_lines": 0, "percent_statements_covered": 100.0, "percent_statements_covered_display": "100"}, "missing_lines": [], "excluded_lines": []}, "shopping_lists_delete": {"executed_lines": [174, 175, 176, 178, 183, 184], "summary": {"covered_lines": 6, "num_statements": 8, "percent_covered": 75.0, "percent_covered_display": "75", "missing_lines": 2, "excluded_lines": 0, "percent_statements_covered": 75.0, "percent_statements_covered_display": "75"}, "missing_lines": [189, 190], "excluded_lines": []}, "shopping_items_add": {"executed_lines": [214, 215, 216, 220, 221, 222, 223, 224, 225, 226, 227, 228, 229, 231, 233, 239, 240, 245, 246], "summary": {"covered_lines": 19, "num_statements": 19, "percent_covered": 100.0, "percent_covered_display": "100", "missing_lines": 0, "excluded_lines": 0, "percent_statements_covered": 100.0, "percent_statements_covered_display": "100"}, "missing_lines": [], "excluded_lines": []}, "shopping_items_add_bulk": {"executed_lines": [262, 263, 264, 265, 267, 268, 269, 273, 274, 275, 276, 278, 285, 286, 288], "summary": {"covered_lines": 15, "num_statements": 19, "percent_covered": 78.94736842105263, "percent_covered_display": "79", "missing_lines": 4, "excluded_lines": 0, "percent_statements_covered": 78.94736842105263, "percent_statements_covered_display": "79"}, "missing_lines": [290, 291, 296, 297], "excluded_lines": []}, "shopping_items_check": {"executed_lines": [313, 314, 317, 322, 323, 329, 330, 335, 336], "summary": {"covered_lines": 9, "num_statements": 9, "percent_covered": 100.0, "percent_covered_display": "100", "missing_lines": 0, "excluded_lines": 0, "percent_statements_covered": 100.0, "percent_statements_covered_display": "100"}, "missing_lines": [], "excluded_lines": []}, "shopping_items_delete": {"executed_lines": [348, 349, 350, 352, 357, 358, 363, 364], "summary": {"covered_lines": 8, "num_statements": 8, "percent_covered": 100.0, "percent_covered_display": "100", "missing_lines": 0, "excluded_lines": 0, "percent_statements_covered": 100.0, "percent_statements_covered_display": "100"}, "missing_lines": [], "excluded_lines": []}, "shopping_items_add_recipe": {"executed_lines": [382, 383, 386, 391, 392, 394, 399, 405, 406, 411, 412], "summary": {"covered_lines": 11, "num_statements": 11, "percent_covered": 100.0, "percent_covered_display": "100", "missing_lines": 0, "excluded_lines": 0, "percent_statements_covered": 100.0, "percent_statements_covered_display": "100"}, "missing_lines": [], "excluded_lines": []}, "shopping_generate_from_mealplan": {"executed_lines": [433, 434, 436, 437, 439, 441, 442, 444, 447, 452, 453, 460, 461, 463, 464, 468, 476, 477, 478, 479, 482, 483, 540, 541], "summary": {"covered_lines": 24, "num_statements": 50, "percent_covered": 48.0, "percent_covered_display": "48", "missing_lines": 26, "excluded_lines": 0, "percent_statements_covered": 48.0, "percent_statements_covered_display": "48"}, "missing_lines": [462, 466, 469, 480, 490, 491, 493, 497, 498, 502, 505, 506, 508, 509, 510, 514, 515, 516, 519, 520, 522, 535, 536, 538, 546, 547], "excluded_lines": []}, "shopping_lists_clear_checked": {"executed_lines": [559, 560, 562, 564, 569, 570, 572, 573, 580, 581, 583, 584, 585, 586, 587, 588, 592, 598, 601], "summary": {"covered_lines": 19, "num_statements": 27, "percent_covered": 70.37037037037037, "percent_covered_display": "70", "missing_lines": 8, "excluded_lines": 0, "percent_statements_covered": 70.37037037037037, "percent_statements_covered_display": "70"}, "missing_lines": [565, 589, 590, 599, 603, 604, 609, 610], "excluded_lines": []}, "shopping_delete_recipe_from_list": {"executed_lines": [623, 624, 625, 627, 633, 639, 640], "summary": {"covered_lines": 7, "num_statements": 8, "percent_covered": 87.5, "percent_covered_display": "88", "missing_lines": 1, "excluded_lines": 0, "percent_statements_covered": 87.5, "percent_statements_covered_display": "88"}, "missing_lines": [634], "excluded_lines": []}, "": {"executed_lines": [1, 8, 9, 10, 11, 12, 15, 16, 17, 19, 20, 23, 74, 130, 165, 193, 249, 300, 339, 367, 415, 550, 613, 643], "summary": {"covered_lines": 23, "num_statements": 64, "percent_covered": 35.9375, "percent_covered_display": "36", "missing_lines": 41, "excluded_lines": 0, "percent_statements_covered": 35.9375, "percent_statements_covered_display": "36"}, "missing_lines": [644, 647, 649, 650, 653, 656, 657, 658, 659, 662, 663, 664, 665, 666, 669, 670, 671, 672, 673, 675, 678, 679, 680, 681, 684, 685, 686, 687, 688, 691, 692, 693, 694, 695, 698, 699, 700, 701, 702, 704, 705], "excluded_lines": []}}, "classes": {"": {"executed_lines": [1, 8, 9, 10, 11, 12, 15, 16, 17, 19, 20, 23, 29, 30, 31, 34, 35, 36, 38, 39, 44, 45, 46, 47, 49, 59, 64, 65, 70, 71, 74, 83, 84, 85, 87, 88, 93, 94, 96, 110, 120, 121, 130, 139, 140, 141, 145, 155, 156, 161, 162, 165, 174, 175, 176, 178, 183, 184, 193, 214, 215, 216, 220, 221, 222, 223, 224, 225, 226, 227, 228, 229, 231, 233, 239, 240, 245, 246, 249, 262, 263, 264, 265, 267, 268, 269, 273, 274, 275, 276, 278, 285, 286, 288, 300, 313, 314, 317, 322, 323, 329, 330, 335, 336, 339, 348, 349, 350, 352, 357, 358, 363, 364, 367, 382, 383, 386, 391, 392, 394, 399, 405, 406, 411, 412, 415, 433, 434, 436, 437, 439, 441, 442, 444, 447, 452, 453, 460, 461, 463, 464, 468, 476, 477, 478, 479, 482, 483, 540, 541, 550, 559, 560, 562, 564, 569, 570, 572, 573, 580, 581, 583, 584, 585, 586, 587, 588, 592, 598, 601, 613, 623, 624, 625, 627, 633, 639, 640, 643], "summary": {"covered_lines": 178, "num_statements": 267, "percent_covered": 66.66666666666667, "percent_covered_display": "67", "missing_lines": 89, "excluded_lines": 0, "percent_statements_covered": 66.66666666666667, "percent_statements_covered_display": "67"}, "missing_lines": [37, 41, 97, 98, 100, 126, 127, 189, 190, 290, 291, 296, 297, 462, 466, 469, 480, 490, 491, 493, 497, 498, 502, 505, 506, 508, 509, 510, 514, 515, 516, 519, 520, 522, 535, 536, 538, 546, 547, 565, 589, 590, 599, 603, 604, 609, 610, 634, 644, 647, 649, 650, 653, 656, 657, 658, 659, 662, 663, 664, 665, 666, 669, 670, 671, 672, 673, 675, 678, 679, 680, 681, 684, 685, 686, 687, 688, 691, 692, 693, 694, 695, 698, 699, 700, 701, 702, 704, 705], "excluded_lines": []}}}}, "totals": {"covered_lines": 1368, "num_statements": 2763, "percent_covered": 49.5114006514658, "percent_covered_display": "50", "missing_lines": 1395, "excluded_lines": 0, "percent_statements_covered": 49.5114006514658, "percent_statements_covered_display": "50"}}